{"C:\\Users\\X472795\\Desktop\\TemDeTudo\\backend\\app.js": {"path":"C:\\Users\\X472795\\Desktop\\TemDeTudo\\backend\\app.js","statementMap":{"0":{"start":{"line":6,"column":16},"end":{"line":6,"column":34}},"1":{"start":{"line":7,"column":13},"end":{"line":7,"column":28}},"2":{"start":{"line":8,"column":19},"end":{"line":8,"column":41}},"3":{"start":{"line":9,"column":22},"end":{"line":9,"column":41}},"4":{"start":{"line":10,"column":15},"end":{"line":10,"column":34}},"5":{"start":{"line":12,"column":12},"end":{"line":12,"column":21}},"6":{"start":{"line":13,"column":13},"end":{"line":13,"column":37}},"7":{"start":{"line":16,"column":0},"end":{"line":16,"column":27}},"8":{"start":{"line":19,"column":0},"end":{"line":19,"column":61}},"9":{"start":{"line":22,"column":0},"end":{"line":22,"column":24}},"10":{"start":{"line":25,"column":0},"end":{"line":27,"column":3}},"11":{"start":{"line":26,"column":2},"end":{"line":26,"column":63}},"12":{"start":{"line":30,"column":0},"end":{"line":45,"column":5}},"13":{"start":{"line":32,"column":4},"end":{"line":32,"column":74}},"14":{"start":{"line":33,"column":4},"end":{"line":33,"column":28}},"15":{"start":{"line":37,"column":4},"end":{"line":41,"column":5}},"16":{"start":{"line":38,"column":6},"end":{"line":40,"column":9}},"17":{"start":{"line":39,"column":8},"end":{"line":39,"column":57}},"18":{"start":{"line":44,"column":4},"end":{"line":44,"column":71}},"19":{"start":{"line":47,"column":0},"end":{"line":47,"column":21}}},"fnMap":{"0":{"name":"(anonymous_0)","decl":{"start":{"line":25,"column":13},"end":{"line":25,"column":14}},"loc":{"start":{"line":25,"column":27},"end":{"line":27,"column":1}},"line":25},"1":{"name":"(anonymous_1)","decl":{"start":{"line":31,"column":8},"end":{"line":31,"column":9}},"loc":{"start":{"line":31,"column":14},"end":{"line":34,"column":3}},"line":31},"2":{"name":"(anonymous_2)","decl":{"start":{"line":35,"column":8},"end":{"line":35,"column":9}},"loc":{"start":{"line":35,"column":14},"end":{"line":42,"column":3}},"line":35},"3":{"name":"(anonymous_3)","decl":{"start":{"line":38,"column":23},"end":{"line":38,"column":24}},"loc":{"start":{"line":38,"column":29},"end":{"line":40,"column":7}},"line":38},"4":{"name":"(anonymous_4)","decl":{"start":{"line":43,"column":9},"end":{"line":43,"column":10}},"loc":{"start":{"line":43,"column":18},"end":{"line":45,"column":3}},"line":43}},"branchMap":{"0":{"loc":{"start":{"line":13,"column":13},"end":{"line":13,"column":37}},"type":"binary-expr","locations":[{"start":{"line":13,"column":13},"end":{"line":13,"column":29}},{"start":{"line":13,"column":33},"end":{"line":13,"column":37}}],"line":13},"1":{"loc":{"start":{"line":37,"column":4},"end":{"line":41,"column":5}},"type":"if","locations":[{"start":{"line":37,"column":4},"end":{"line":41,"column":5}},{"start":{},"end":{}}],"line":37}},"s":{"0":1,"1":1,"2":1,"3":1,"4":1,"5":1,"6":1,"7":1,"8":1,"9":1,"10":1,"11":0,"12":1,"13":1,"14":1,"15":1,"16":0,"17":0,"18":0,"19":1},"f":{"0":0,"1":1,"2":1,"3":0,"4":0},"b":{"0":[1,1],"1":[0,1]},"_coverageSchema":"1a1c01bbd47fc00a2c39e90264f33305004495a9","hash":"df61a0f7e0bae64c98f369118b5550d235f49ff0"}
,"C:\\Users\\X472795\\Desktop\\TemDeTudo\\backend\\config\\config.js": {"path":"C:\\Users\\X472795\\Desktop\\TemDeTudo\\backend\\config\\config.js","statementMap":{"0":{"start":{"line":6,"column":0},"end":{"line":17,"column":2}}},"fnMap":{},"branchMap":{},"s":{"0":1},"f":{},"b":{},"_coverageSchema":"1a1c01bbd47fc00a2c39e90264f33305004495a9","hash":"a245b0367a823989bcceb641e8a3b476c3e12f0d"}
,"C:\\Users\\X472795\\Desktop\\TemDeTudo\\backend\\controllers\\adminController.js": {"path":"C:\\Users\\X472795\\Desktop\\TemDeTudo\\backend\\controllers\\adminController.js","statementMap":{"0":{"start":{"line":1,"column":57},"end":{"line":1,"column":77}},"1":{"start":{"line":3,"column":0},"end":{"line":135,"column":2}},"2":{"start":{"line":5,"column":4},"end":{"line":12,"column":5}},"3":{"start":{"line":6,"column":25},"end":{"line":6,"column":43}},"4":{"start":{"line":7,"column":29},"end":{"line":7,"column":50}},"5":{"start":{"line":8,"column":28},"end":{"line":8,"column":49}},"6":{"start":{"line":9,"column":6},"end":{"line":9,"column":62}},"7":{"start":{"line":11,"column":6},"end":{"line":11,"column":68}},"8":{"start":{"line":16,"column":4},"end":{"line":21,"column":5}},"9":{"start":{"line":17,"column":24},"end":{"line":17,"column":47}},"10":{"start":{"line":18,"column":6},"end":{"line":18,"column":26}},"11":{"start":{"line":20,"column":6},"end":{"line":20,"column":65}},"12":{"start":{"line":25,"column":4},"end":{"line":34,"column":5}},"13":{"start":{"line":26,"column":21},"end":{"line":26,"column":31}},"14":{"start":{"line":27,"column":22},"end":{"line":27,"column":30}},"15":{"start":{"line":28,"column":22},"end":{"line":28,"column":48}},"16":{"start":{"line":29,"column":6},"end":{"line":29,"column":85}},"17":{"start":{"line":29,"column":20},"end":{"line":29,"column":85}},"18":{"start":{"line":30,"column":6},"end":{"line":30,"column":36}},"19":{"start":{"line":31,"column":6},"end":{"line":31,"column":24}},"20":{"start":{"line":33,"column":6},"end":{"line":33,"column":67}},"21":{"start":{"line":38,"column":4},"end":{"line":46,"column":5}},"22":{"start":{"line":39,"column":21},"end":{"line":39,"column":31}},"23":{"start":{"line":40,"column":22},"end":{"line":40,"column":48}},"24":{"start":{"line":41,"column":6},"end":{"line":41,"column":85}},"25":{"start":{"line":41,"column":20},"end":{"line":41,"column":85}},"26":{"start":{"line":42,"column":6},"end":{"line":42,"column":30}},"27":{"start":{"line":43,"column":6},"end":{"line":43,"column":60}},"28":{"start":{"line":45,"column":6},"end":{"line":45,"column":65}},"29":{"start":{"line":50,"column":4},"end":{"line":55,"column":5}},"30":{"start":{"line":51,"column":20},"end":{"line":51,"column":40}},"31":{"start":{"line":52,"column":6},"end":{"line":52,"column":22}},"32":{"start":{"line":54,"column":6},"end":{"line":54,"column":65}},"33":{"start":{"line":59,"column":4},"end":{"line":68,"column":5}},"34":{"start":{"line":60,"column":21},"end":{"line":60,"column":31}},"35":{"start":{"line":61,"column":22},"end":{"line":61,"column":30}},"36":{"start":{"line":62,"column":19},"end":{"line":62,"column":42}},"37":{"start":{"line":63,"column":6},"end":{"line":63,"column":82}},"38":{"start":{"line":63,"column":17},"end":{"line":63,"column":82}},"39":{"start":{"line":64,"column":6},"end":{"line":64,"column":33}},"40":{"start":{"line":65,"column":6},"end":{"line":65,"column":21}},"41":{"start":{"line":67,"column":6},"end":{"line":67,"column":67}},"42":{"start":{"line":72,"column":4},"end":{"line":80,"column":5}},"43":{"start":{"line":73,"column":21},"end":{"line":73,"column":31}},"44":{"start":{"line":74,"column":19},"end":{"line":74,"column":42}},"45":{"start":{"line":75,"column":6},"end":{"line":75,"column":82}},"46":{"start":{"line":75,"column":17},"end":{"line":75,"column":82}},"47":{"start":{"line":76,"column":6},"end":{"line":76,"column":27}},"48":{"start":{"line":77,"column":6},"end":{"line":77,"column":60}},"49":{"start":{"line":79,"column":6},"end":{"line":79,"column":65}},"50":{"start":{"line":84,"column":4},"end":{"line":89,"column":5}},"51":{"start":{"line":85,"column":23},"end":{"line":85,"column":46}},"52":{"start":{"line":86,"column":6},"end":{"line":86,"column":25}},"53":{"start":{"line":88,"column":6},"end":{"line":88,"column":67}},"54":{"start":{"line":93,"column":4},"end":{"line":102,"column":5}},"55":{"start":{"line":94,"column":21},"end":{"line":94,"column":31}},"56":{"start":{"line":95,"column":22},"end":{"line":95,"column":30}},"57":{"start":{"line":96,"column":22},"end":{"line":96,"column":48}},"58":{"start":{"line":97,"column":6},"end":{"line":97,"column":87}},"59":{"start":{"line":97,"column":20},"end":{"line":97,"column":87}},"60":{"start":{"line":98,"column":6},"end":{"line":98,"column":36}},"61":{"start":{"line":99,"column":6},"end":{"line":99,"column":24}},"62":{"start":{"line":101,"column":6},"end":{"line":101,"column":69}},"63":{"start":{"line":106,"column":4},"end":{"line":111,"column":5}},"64":{"start":{"line":107,"column":24},"end":{"line":107,"column":77}},"65":{"start":{"line":108,"column":6},"end":{"line":108,"column":26}},"66":{"start":{"line":110,"column":6},"end":{"line":110,"column":67}},"67":{"start":{"line":115,"column":4},"end":{"line":124,"column":5}},"68":{"start":{"line":116,"column":21},"end":{"line":116,"column":31}},"69":{"start":{"line":117,"column":22},"end":{"line":117,"column":48}},"70":{"start":{"line":118,"column":6},"end":{"line":118,"column":85}},"71":{"start":{"line":118,"column":20},"end":{"line":118,"column":85}},"72":{"start":{"line":119,"column":6},"end":{"line":119,"column":30}},"73":{"start":{"line":120,"column":6},"end":{"line":120,"column":27}},"74":{"start":{"line":121,"column":6},"end":{"line":121,"column":24}},"75":{"start":{"line":123,"column":6},"end":{"line":123,"column":65}},"76":{"start":{"line":128,"column":4},"end":{"line":133,"column":5}},"77":{"start":{"line":130,"column":6},"end":{"line":130,"column":66}},"78":{"start":{"line":132,"column":6},"end":{"line":132,"column":66}}},"fnMap":{"0":{"name":"(anonymous_0)","decl":{"start":{"line":4,"column":13},"end":{"line":4,"column":14}},"loc":{"start":{"line":4,"column":33},"end":{"line":13,"column":3}},"line":4},"1":{"name":"(anonymous_1)","decl":{"start":{"line":15,"column":17},"end":{"line":15,"column":18}},"loc":{"start":{"line":15,"column":37},"end":{"line":22,"column":3}},"line":15},"2":{"name":"(anonymous_2)","decl":{"start":{"line":24,"column":17},"end":{"line":24,"column":18}},"loc":{"start":{"line":24,"column":37},"end":{"line":35,"column":3}},"line":24},"3":{"name":"(anonymous_3)","decl":{"start":{"line":37,"column":17},"end":{"line":37,"column":18}},"loc":{"start":{"line":37,"column":37},"end":{"line":47,"column":3}},"line":37},"4":{"name":"(anonymous_4)","decl":{"start":{"line":49,"column":13},"end":{"line":49,"column":14}},"loc":{"start":{"line":49,"column":33},"end":{"line":56,"column":3}},"line":49},"5":{"name":"(anonymous_5)","decl":{"start":{"line":58,"column":14},"end":{"line":58,"column":15}},"loc":{"start":{"line":58,"column":34},"end":{"line":69,"column":3}},"line":58},"6":{"name":"(anonymous_6)","decl":{"start":{"line":71,"column":14},"end":{"line":71,"column":15}},"loc":{"start":{"line":71,"column":34},"end":{"line":81,"column":3}},"line":71},"7":{"name":"(anonymous_7)","decl":{"start":{"line":83,"column":16},"end":{"line":83,"column":17}},"loc":{"start":{"line":83,"column":36},"end":{"line":90,"column":3}},"line":83},"8":{"name":"(anonymous_8)","decl":{"start":{"line":92,"column":17},"end":{"line":92,"column":18}},"loc":{"start":{"line":92,"column":37},"end":{"line":103,"column":3}},"line":92},"9":{"name":"(anonymous_9)","decl":{"start":{"line":105,"column":17},"end":{"line":105,"column":18}},"loc":{"start":{"line":105,"column":37},"end":{"line":112,"column":3}},"line":105},"10":{"name":"(anonymous_10)","decl":{"start":{"line":114,"column":18},"end":{"line":114,"column":19}},"loc":{"start":{"line":114,"column":38},"end":{"line":125,"column":3}},"line":114},"11":{"name":"(anonymous_11)","decl":{"start":{"line":127,"column":14},"end":{"line":127,"column":15}},"loc":{"start":{"line":127,"column":34},"end":{"line":134,"column":3}},"line":127}},"branchMap":{"0":{"loc":{"start":{"line":29,"column":6},"end":{"line":29,"column":85}},"type":"if","locations":[{"start":{"line":29,"column":6},"end":{"line":29,"column":85}},{"start":{},"end":{}}],"line":29},"1":{"loc":{"start":{"line":41,"column":6},"end":{"line":41,"column":85}},"type":"if","locations":[{"start":{"line":41,"column":6},"end":{"line":41,"column":85}},{"start":{},"end":{}}],"line":41},"2":{"loc":{"start":{"line":63,"column":6},"end":{"line":63,"column":82}},"type":"if","locations":[{"start":{"line":63,"column":6},"end":{"line":63,"column":82}},{"start":{},"end":{}}],"line":63},"3":{"loc":{"start":{"line":75,"column":6},"end":{"line":75,"column":82}},"type":"if","locations":[{"start":{"line":75,"column":6},"end":{"line":75,"column":82}},{"start":{},"end":{}}],"line":75},"4":{"loc":{"start":{"line":97,"column":6},"end":{"line":97,"column":87}},"type":"if","locations":[{"start":{"line":97,"column":6},"end":{"line":97,"column":87}},{"start":{},"end":{}}],"line":97},"5":{"loc":{"start":{"line":118,"column":6},"end":{"line":118,"column":85}},"type":"if","locations":[{"start":{"line":118,"column":6},"end":{"line":118,"column":85}},{"start":{},"end":{}}],"line":118}},"s":{"0":1,"1":1,"2":0,"3":0,"4":0,"5":0,"6":0,"7":0,"8":0,"9":0,"10":0,"11":0,"12":0,"13":0,"14":0,"15":0,"16":0,"17":0,"18":0,"19":0,"20":0,"21":0,"22":0,"23":0,"24":0,"25":0,"26":0,"27":0,"28":0,"29":0,"30":0,"31":0,"32":0,"33":0,"34":0,"35":0,"36":0,"37":0,"38":0,"39":0,"40":0,"41":0,"42":0,"43":0,"44":0,"45":0,"46":0,"47":0,"48":0,"49":0,"50":0,"51":0,"52":0,"53":0,"54":0,"55":0,"56":0,"57":0,"58":0,"59":0,"60":0,"61":0,"62":0,"63":0,"64":0,"65":0,"66":0,"67":0,"68":0,"69":0,"70":0,"71":0,"72":0,"73":0,"74":0,"75":0,"76":0,"77":0,"78":0},"f":{"0":0,"1":0,"2":0,"3":0,"4":0,"5":0,"6":0,"7":0,"8":0,"9":0,"10":0,"11":0},"b":{"0":[0,0],"1":[0,0],"2":[0,0],"3":[0,0],"4":[0,0],"5":[0,0]},"_coverageSchema":"1a1c01bbd47fc00a2c39e90264f33305004495a9","hash":"70b70a8e904fc7ac58971e9a394a3e47e99012de"}
,"C:\\Users\\X472795\\Desktop\\TemDeTudo\\backend\\controllers\\clientsController.js": {"path":"C:\\Users\\X472795\\Desktop\\TemDeTudo\\backend\\controllers\\clientsController.js","statementMap":{"0":{"start":{"line":5,"column":17},"end":{"line":5,"column":37}},"1":{"start":{"line":6,"column":15},"end":{"line":6,"column":32}},"2":{"start":{"line":8,"column":26},"end":{"line":64,"column":1}},"3":{"start":{"line":11,"column":4},"end":{"line":23,"column":5}},"4":{"start":{"line":12,"column":21},"end":{"line":12,"column":34}},"5":{"start":{"line":13,"column":19},"end":{"line":15,"column":8}},"6":{"start":{"line":16,"column":6},"end":{"line":18,"column":7}},"7":{"start":{"line":17,"column":8},"end":{"line":17,"column":74}},"8":{"start":{"line":19,"column":6},"end":{"line":19,"column":28}},"9":{"start":{"line":21,"column":6},"end":{"line":21,"column":52}},"10":{"start":{"line":22,"column":6},"end":{"line":22,"column":74}},"11":{"start":{"line":28,"column":4},"end":{"line":48,"column":5}},"12":{"start":{"line":29,"column":21},"end":{"line":29,"column":34}},"13":{"start":{"line":30,"column":40},"end":{"line":30,"column":48}},"14":{"start":{"line":32,"column":19},"end":{"line":32,"column":46}},"15":{"start":{"line":33,"column":6},"end":{"line":35,"column":7}},"16":{"start":{"line":34,"column":8},"end":{"line":34,"column":74}},"17":{"start":{"line":37,"column":6},"end":{"line":37,"column":33}},"18":{"start":{"line":37,"column":16},"end":{"line":37,"column":33}},"19":{"start":{"line":38,"column":6},"end":{"line":38,"column":36}},"20":{"start":{"line":38,"column":17},"end":{"line":38,"column":36}},"21":{"start":{"line":39,"column":6},"end":{"line":41,"column":7}},"22":{"start":{"line":40,"column":8},"end":{"line":40,"column":60}},"23":{"start":{"line":43,"column":6},"end":{"line":43,"column":24}},"24":{"start":{"line":44,"column":6},"end":{"line":44,"column":69}},"25":{"start":{"line":46,"column":6},"end":{"line":46,"column":56}},"26":{"start":{"line":47,"column":6},"end":{"line":47,"column":74}},"27":{"start":{"line":53,"column":4},"end":{"line":62,"column":5}},"28":{"start":{"line":54,"column":22},"end":{"line":57,"column":8}},"29":{"start":{"line":58,"column":6},"end":{"line":58,"column":31}},"30":{"start":{"line":60,"column":6},"end":{"line":60,"column":55}},"31":{"start":{"line":61,"column":6},"end":{"line":61,"column":74}},"32":{"start":{"line":66,"column":0},"end":{"line":66,"column":35}}},"fnMap":{"0":{"name":"(anonymous_0)","decl":{"start":{"line":10,"column":2},"end":{"line":10,"column":3}},"loc":{"start":{"line":10,"column":29},"end":{"line":24,"column":3}},"line":10},"1":{"name":"(anonymous_1)","decl":{"start":{"line":27,"column":2},"end":{"line":27,"column":3}},"loc":{"start":{"line":27,"column":32},"end":{"line":49,"column":3}},"line":27},"2":{"name":"(anonymous_2)","decl":{"start":{"line":52,"column":2},"end":{"line":52,"column":3}},"loc":{"start":{"line":52,"column":30},"end":{"line":63,"column":3}},"line":52}},"branchMap":{"0":{"loc":{"start":{"line":16,"column":6},"end":{"line":18,"column":7}},"type":"if","locations":[{"start":{"line":16,"column":6},"end":{"line":18,"column":7}},{"start":{},"end":{}}],"line":16},"1":{"loc":{"start":{"line":33,"column":6},"end":{"line":35,"column":7}},"type":"if","locations":[{"start":{"line":33,"column":6},"end":{"line":35,"column":7}},{"start":{},"end":{}}],"line":33},"2":{"loc":{"start":{"line":37,"column":6},"end":{"line":37,"column":33}},"type":"if","locations":[{"start":{"line":37,"column":6},"end":{"line":37,"column":33}},{"start":{},"end":{}}],"line":37},"3":{"loc":{"start":{"line":38,"column":6},"end":{"line":38,"column":36}},"type":"if","locations":[{"start":{"line":38,"column":6},"end":{"line":38,"column":36}},{"start":{},"end":{}}],"line":38},"4":{"loc":{"start":{"line":39,"column":6},"end":{"line":41,"column":7}},"type":"if","locations":[{"start":{"line":39,"column":6},"end":{"line":41,"column":7}},{"start":{},"end":{}}],"line":39}},"s":{"0":1,"1":1,"2":1,"3":0,"4":0,"5":0,"6":0,"7":0,"8":0,"9":0,"10":0,"11":0,"12":0,"13":0,"14":0,"15":0,"16":0,"17":0,"18":0,"19":0,"20":0,"21":0,"22":0,"23":0,"24":0,"25":0,"26":0,"27":0,"28":0,"29":0,"30":0,"31":0,"32":1},"f":{"0":0,"1":0,"2":0},"b":{"0":[0,0],"1":[0,0],"2":[0,0],"3":[0,0],"4":[0,0]},"_coverageSchema":"1a1c01bbd47fc00a2c39e90264f33305004495a9","hash":"e0cb9dbd3cd89ebe9b80ee9be11ae00633892437"}
,"C:\\Users\\X472795\\Desktop\\TemDeTudo\\backend\\controllers\\companiesController.js": {"path":"C:\\Users\\X472795\\Desktop\\TemDeTudo\\backend\\controllers\\companiesController.js","statementMap":{"0":{"start":{"line":6,"column":20},"end":{"line":6,"column":40}},"1":{"start":{"line":7,"column":15},"end":{"line":7,"column":35}},"2":{"start":{"line":12,"column":4},"end":{"line":38,"column":5}},"3":{"start":{"line":13,"column":46},"end":{"line":13,"column":54}},"4":{"start":{"line":15,"column":6},"end":{"line":17,"column":7}},"5":{"start":{"line":16,"column":8},"end":{"line":16,"column":81}},"6":{"start":{"line":20,"column":23},"end":{"line":20,"column":66}},"7":{"start":{"line":21,"column":6},"end":{"line":23,"column":7}},"8":{"start":{"line":22,"column":8},"end":{"line":22,"column":73}},"9":{"start":{"line":25,"column":22},"end":{"line":32,"column":8}},"10":{"start":{"line":34,"column":6},"end":{"line":34,"column":106}},"11":{"start":{"line":36,"column":6},"end":{"line":36,"column":69}},"12":{"start":{"line":37,"column":6},"end":{"line":37,"column":74}},"13":{"start":{"line":43,"column":4},"end":{"line":56,"column":5}},"14":{"start":{"line":44,"column":27},"end":{"line":44,"column":36}},"15":{"start":{"line":45,"column":20},"end":{"line":45,"column":22}},"16":{"start":{"line":47,"column":6},"end":{"line":49,"column":7}},"17":{"start":{"line":48,"column":8},"end":{"line":48,"column":45}},"18":{"start":{"line":51,"column":24},"end":{"line":51,"column":56}},"19":{"start":{"line":52,"column":6},"end":{"line":52,"column":33}},"20":{"start":{"line":54,"column":6},"end":{"line":54,"column":55}},"21":{"start":{"line":55,"column":6},"end":{"line":55,"column":74}},"22":{"start":{"line":61,"column":4},"end":{"line":80,"column":5}},"23":{"start":{"line":62,"column":21},"end":{"line":62,"column":31}},"24":{"start":{"line":64,"column":22},"end":{"line":64,"column":48}},"25":{"start":{"line":65,"column":6},"end":{"line":67,"column":7}},"26":{"start":{"line":66,"column":8},"end":{"line":66,"column":74}},"27":{"start":{"line":69,"column":0},"end":{"line":71,"column":1}},"28":{"start":{"line":70,"column":2},"end":{"line":70,"column":94}},"29":{"start":{"line":73,"column":0},"end":{"line":73,"column":24}},"30":{"start":{"line":74,"column":0},"end":{"line":74,"column":21}},"31":{"start":{"line":76,"column":0},"end":{"line":76,"column":87}},"32":{"start":{"line":78,"column":6},"end":{"line":78,"column":55}},"33":{"start":{"line":79,"column":6},"end":{"line":79,"column":74}},"34":{"start":{"line":85,"column":4},"end":{"line":100,"column":5}},"35":{"start":{"line":86,"column":21},"end":{"line":86,"column":31}},"36":{"start":{"line":88,"column":22},"end":{"line":88,"column":48}},"37":{"start":{"line":89,"column":6},"end":{"line":91,"column":7}},"38":{"start":{"line":90,"column":8},"end":{"line":90,"column":74}},"39":{"start":{"line":93,"column":6},"end":{"line":93,"column":38}},"40":{"start":{"line":94,"column":6},"end":{"line":94,"column":27}},"41":{"start":{"line":96,"column":6},"end":{"line":96,"column":87}},"42":{"start":{"line":98,"column":6},"end":{"line":98,"column":59}},"43":{"start":{"line":99,"column":6},"end":{"line":99,"column":74}},"44":{"start":{"line":104,"column":0},"end":{"line":104,"column":37}}},"fnMap":{"0":{"name":"(anonymous_0)","decl":{"start":{"line":11,"column":2},"end":{"line":11,"column":3}},"loc":{"start":{"line":11,"column":40},"end":{"line":39,"column":3}},"line":11},"1":{"name":"(anonymous_1)","decl":{"start":{"line":42,"column":2},"end":{"line":42,"column":3}},"loc":{"start":{"line":42,"column":39},"end":{"line":57,"column":3}},"line":42},"2":{"name":"(anonymous_2)","decl":{"start":{"line":60,"column":2},"end":{"line":60,"column":3}},"loc":{"start":{"line":60,"column":40},"end":{"line":81,"column":3}},"line":60},"3":{"name":"(anonymous_3)","decl":{"start":{"line":84,"column":2},"end":{"line":84,"column":3}},"loc":{"start":{"line":84,"column":40},"end":{"line":101,"column":3}},"line":84}},"branchMap":{"0":{"loc":{"start":{"line":15,"column":6},"end":{"line":17,"column":7}},"type":"if","locations":[{"start":{"line":15,"column":6},"end":{"line":17,"column":7}},{"start":{},"end":{}}],"line":15},"1":{"loc":{"start":{"line":15,"column":10},"end":{"line":15,"column":25}},"type":"binary-expr","locations":[{"start":{"line":15,"column":10},"end":{"line":15,"column":15}},{"start":{"line":15,"column":19},"end":{"line":15,"column":25}}],"line":15},"2":{"loc":{"start":{"line":21,"column":6},"end":{"line":23,"column":7}},"type":"if","locations":[{"start":{"line":21,"column":6},"end":{"line":23,"column":7}},{"start":{},"end":{}}],"line":21},"3":{"loc":{"start":{"line":47,"column":6},"end":{"line":49,"column":7}},"type":"if","locations":[{"start":{"line":47,"column":6},"end":{"line":49,"column":7}},{"start":{},"end":{}}],"line":47},"4":{"loc":{"start":{"line":65,"column":6},"end":{"line":67,"column":7}},"type":"if","locations":[{"start":{"line":65,"column":6},"end":{"line":67,"column":7}},{"start":{},"end":{}}],"line":65},"5":{"loc":{"start":{"line":69,"column":0},"end":{"line":71,"column":1}},"type":"if","locations":[{"start":{"line":69,"column":0},"end":{"line":71,"column":1}},{"start":{},"end":{}}],"line":69},"6":{"loc":{"start":{"line":89,"column":6},"end":{"line":91,"column":7}},"type":"if","locations":[{"start":{"line":89,"column":6},"end":{"line":91,"column":7}},{"start":{},"end":{}}],"line":89}},"s":{"0":1,"1":1,"2":1,"3":1,"4":1,"5":0,"6":1,"7":1,"8":0,"9":1,"10":1,"11":0,"12":0,"13":0,"14":0,"15":0,"16":0,"17":0,"18":0,"19":0,"20":0,"21":0,"22":1,"23":1,"24":1,"25":1,"26":0,"27":1,"28":0,"29":1,"30":1,"31":1,"32":0,"33":0,"34":1,"35":1,"36":1,"37":1,"38":0,"39":1,"40":1,"41":1,"42":0,"43":0,"44":1},"f":{"0":1,"1":0,"2":1,"3":1},"b":{"0":[0,1],"1":[1,1],"2":[0,1],"3":[0,0],"4":[0,1],"5":[0,1],"6":[0,1]},"_coverageSchema":"1a1c01bbd47fc00a2c39e90264f33305004495a9","hash":"7e06ba382179e4995ff8c98191ccad55610d7e45"}
,"C:\\Users\\X472795\\Desktop\\TemDeTudo\\backend\\controllers\\notificationsController.js": {"path":"C:\\Users\\X472795\\Desktop\\TemDeTudo\\backend\\controllers\\notificationsController.js","statementMap":{"0":{"start":{"line":5,"column":21},"end":{"line":5,"column":54}},"1":{"start":{"line":7,"column":24},"end":{"line":23,"column":1}},"2":{"start":{"line":8,"column":2},"end":{"line":22,"column":3}},"3":{"start":{"line":9,"column":43},"end":{"line":9,"column":51}},"4":{"start":{"line":10,"column":4},"end":{"line":12,"column":5}},"5":{"start":{"line":11,"column":6},"end":{"line":11,"column":71}},"6":{"start":{"line":13,"column":25},"end":{"line":18,"column":6}},"7":{"start":{"line":19,"column":4},"end":{"line":19,"column":46}},"8":{"start":{"line":21,"column":4},"end":{"line":21,"column":76}},"9":{"start":{"line":25,"column":29},"end":{"line":36,"column":1}},"10":{"start":{"line":26,"column":2},"end":{"line":35,"column":3}},"11":{"start":{"line":27,"column":23},"end":{"line":27,"column":33}},"12":{"start":{"line":28,"column":26},"end":{"line":31,"column":6}},"13":{"start":{"line":32,"column":4},"end":{"line":32,"column":47}},"14":{"start":{"line":34,"column":4},"end":{"line":34,"column":74}},"15":{"start":{"line":38,"column":32},"end":{"line":49,"column":1}},"16":{"start":{"line":39,"column":2},"end":{"line":48,"column":3}},"17":{"start":{"line":40,"column":26},"end":{"line":40,"column":36}},"18":{"start":{"line":41,"column":26},"end":{"line":44,"column":6}},"19":{"start":{"line":45,"column":4},"end":{"line":45,"column":47}},"20":{"start":{"line":47,"column":4},"end":{"line":47,"column":74}},"21":{"start":{"line":51,"column":19},"end":{"line":64,"column":1}},"22":{"start":{"line":52,"column":2},"end":{"line":63,"column":3}},"23":{"start":{"line":53,"column":19},"end":{"line":53,"column":29}},"24":{"start":{"line":54,"column":25},"end":{"line":54,"column":56}},"25":{"start":{"line":55,"column":4},"end":{"line":57,"column":5}},"26":{"start":{"line":56,"column":6},"end":{"line":56,"column":75}},"27":{"start":{"line":58,"column":4},"end":{"line":58,"column":29}},"28":{"start":{"line":59,"column":4},"end":{"line":59,"column":30}},"29":{"start":{"line":60,"column":4},"end":{"line":60,"column":46}},"30":{"start":{"line":62,"column":4},"end":{"line":62,"column":83}},"31":{"start":{"line":66,"column":0},"end":{"line":71,"column":2}}},"fnMap":{"0":{"name":"(anonymous_0)","decl":{"start":{"line":7,"column":24},"end":{"line":7,"column":25}},"loc":{"start":{"line":7,"column":44},"end":{"line":23,"column":1}},"line":7},"1":{"name":"(anonymous_1)","decl":{"start":{"line":25,"column":29},"end":{"line":25,"column":30}},"loc":{"start":{"line":25,"column":49},"end":{"line":36,"column":1}},"line":25},"2":{"name":"(anonymous_2)","decl":{"start":{"line":38,"column":32},"end":{"line":38,"column":33}},"loc":{"start":{"line":38,"column":52},"end":{"line":49,"column":1}},"line":38},"3":{"name":"(anonymous_3)","decl":{"start":{"line":51,"column":19},"end":{"line":51,"column":20}},"loc":{"start":{"line":51,"column":39},"end":{"line":64,"column":1}},"line":51}},"branchMap":{"0":{"loc":{"start":{"line":10,"column":4},"end":{"line":12,"column":5}},"type":"if","locations":[{"start":{"line":10,"column":4},"end":{"line":12,"column":5}},{"start":{},"end":{}}],"line":10},"1":{"loc":{"start":{"line":14,"column":14},"end":{"line":14,"column":28}},"type":"binary-expr","locations":[{"start":{"line":14,"column":14},"end":{"line":14,"column":20}},{"start":{"line":14,"column":24},"end":{"line":14,"column":28}}],"line":14},"2":{"loc":{"start":{"line":15,"column":17},"end":{"line":15,"column":34}},"type":"binary-expr","locations":[{"start":{"line":15,"column":17},"end":{"line":15,"column":26}},{"start":{"line":15,"column":30},"end":{"line":15,"column":34}}],"line":15},"3":{"loc":{"start":{"line":55,"column":4},"end":{"line":57,"column":5}},"type":"if","locations":[{"start":{"line":55,"column":4},"end":{"line":57,"column":5}},{"start":{},"end":{}}],"line":55}},"s":{"0":1,"1":1,"2":0,"3":0,"4":0,"5":0,"6":0,"7":0,"8":0,"9":1,"10":0,"11":0,"12":0,"13":0,"14":0,"15":1,"16":0,"17":0,"18":0,"19":0,"20":0,"21":1,"22":0,"23":0,"24":0,"25":0,"26":0,"27":0,"28":0,"29":0,"30":0,"31":1},"f":{"0":0,"1":0,"2":0,"3":0},"b":{"0":[0,0],"1":[0,0],"2":[0,0],"3":[0,0]},"_coverageSchema":"1a1c01bbd47fc00a2c39e90264f33305004495a9","hash":"c7b5ca3dcd230e272c32c05b1f405fa06499bdbd"}
,"C:\\Users\\X472795\\Desktop\\TemDeTudo\\backend\\controllers\\paymentsController.js": {"path":"C:\\Users\\X472795\\Desktop\\TemDeTudo\\backend\\controllers\\paymentsController.js","statementMap":{"0":{"start":{"line":5,"column":16},"end":{"line":5,"column":44}},"1":{"start":{"line":7,"column":24},"end":{"line":24,"column":1}},"2":{"start":{"line":8,"column":2},"end":{"line":23,"column":3}},"3":{"start":{"line":9,"column":64},"end":{"line":9,"column":72}},"4":{"start":{"line":10,"column":4},"end":{"line":12,"column":5}},"5":{"start":{"line":11,"column":6},"end":{"line":11,"column":73}},"6":{"start":{"line":13,"column":20},"end":{"line":19,"column":6}},"7":{"start":{"line":20,"column":4},"end":{"line":20,"column":93}},"8":{"start":{"line":22,"column":4},"end":{"line":22,"column":74}},"9":{"start":{"line":26,"column":28},"end":{"line":43,"column":1}},"10":{"start":{"line":27,"column":2},"end":{"line":42,"column":3}},"11":{"start":{"line":28,"column":19},"end":{"line":28,"column":29}},"12":{"start":{"line":29,"column":23},"end":{"line":29,"column":31}},"13":{"start":{"line":30,"column":20},"end":{"line":30,"column":46}},"14":{"start":{"line":31,"column":4},"end":{"line":33,"column":5}},"15":{"start":{"line":32,"column":6},"end":{"line":32,"column":73}},"16":{"start":{"line":34,"column":4},"end":{"line":36,"column":5}},"17":{"start":{"line":35,"column":6},"end":{"line":35,"column":64}},"18":{"start":{"line":37,"column":4},"end":{"line":37,"column":28}},"19":{"start":{"line":38,"column":4},"end":{"line":38,"column":25}},"20":{"start":{"line":39,"column":4},"end":{"line":39,"column":80}},"21":{"start":{"line":41,"column":4},"end":{"line":41,"column":84}},"22":{"start":{"line":45,"column":0},"end":{"line":48,"column":2}}},"fnMap":{"0":{"name":"(anonymous_0)","decl":{"start":{"line":7,"column":24},"end":{"line":7,"column":25}},"loc":{"start":{"line":7,"column":44},"end":{"line":24,"column":1}},"line":7},"1":{"name":"(anonymous_1)","decl":{"start":{"line":26,"column":28},"end":{"line":26,"column":29}},"loc":{"start":{"line":26,"column":48},"end":{"line":43,"column":1}},"line":26}},"branchMap":{"0":{"loc":{"start":{"line":10,"column":4},"end":{"line":12,"column":5}},"type":"if","locations":[{"start":{"line":10,"column":4},"end":{"line":12,"column":5}},{"start":{},"end":{}}],"line":10},"1":{"loc":{"start":{"line":10,"column":8},"end":{"line":10,"column":29}},"type":"binary-expr","locations":[{"start":{"line":10,"column":8},"end":{"line":10,"column":18}},{"start":{"line":10,"column":22},"end":{"line":10,"column":29}}],"line":10},"2":{"loc":{"start":{"line":16,"column":21},"end":{"line":16,"column":42}},"type":"binary-expr","locations":[{"start":{"line":16,"column":21},"end":{"line":16,"column":34}},{"start":{"line":16,"column":38},"end":{"line":16,"column":42}}],"line":16},"3":{"loc":{"start":{"line":17,"column":21},"end":{"line":17,"column":42}},"type":"binary-expr","locations":[{"start":{"line":17,"column":21},"end":{"line":17,"column":34}},{"start":{"line":17,"column":38},"end":{"line":17,"column":42}}],"line":17},"4":{"loc":{"start":{"line":31,"column":4},"end":{"line":33,"column":5}},"type":"if","locations":[{"start":{"line":31,"column":4},"end":{"line":33,"column":5}},{"start":{},"end":{}}],"line":31},"5":{"loc":{"start":{"line":34,"column":4},"end":{"line":36,"column":5}},"type":"if","locations":[{"start":{"line":34,"column":4},"end":{"line":36,"column":5}},{"start":{},"end":{}}],"line":34}},"s":{"0":1,"1":1,"2":1,"3":1,"4":1,"5":0,"6":1,"7":1,"8":0,"9":1,"10":1,"11":1,"12":1,"13":1,"14":1,"15":0,"16":1,"17":0,"18":1,"19":1,"20":1,"21":0,"22":1},"f":{"0":1,"1":1},"b":{"0":[0,1],"1":[1,1],"2":[1,0],"3":[1,0],"4":[0,1],"5":[0,1]},"_coverageSchema":"1a1c01bbd47fc00a2c39e90264f33305004495a9","hash":"bd774a56d2ad49d308834a546bc376a83f5833bd"}
,"C:\\Users\\X472795\\Desktop\\TemDeTudo\\backend\\controllers\\pointsController.js": {"path":"C:\\Users\\X472795\\Desktop\\TemDeTudo\\backend\\controllers\\pointsController.js","statementMap":{"0":{"start":{"line":5,"column":14},"end":{"line":5,"column":40}},"1":{"start":{"line":7,"column":18},"end":{"line":24,"column":1}},"2":{"start":{"line":8,"column":2},"end":{"line":23,"column":3}},"3":{"start":{"line":9,"column":55},"end":{"line":9,"column":63}},"4":{"start":{"line":10,"column":4},"end":{"line":12,"column":5}},"5":{"start":{"line":11,"column":6},"end":{"line":11,"column":73}},"6":{"start":{"line":13,"column":23},"end":{"line":19,"column":6}},"7":{"start":{"line":20,"column":4},"end":{"line":20,"column":44}},"8":{"start":{"line":22,"column":4},"end":{"line":22,"column":71}},"9":{"start":{"line":26,"column":21},"end":{"line":42,"column":1}},"10":{"start":{"line":27,"column":2},"end":{"line":41,"column":3}},"11":{"start":{"line":28,"column":19},"end":{"line":28,"column":29}},"12":{"start":{"line":29,"column":23},"end":{"line":29,"column":47}},"13":{"start":{"line":30,"column":4},"end":{"line":32,"column":5}},"14":{"start":{"line":31,"column":6},"end":{"line":31,"column":82}},"15":{"start":{"line":33,"column":4},"end":{"line":35,"column":5}},"16":{"start":{"line":34,"column":6},"end":{"line":34,"column":69}},"17":{"start":{"line":36,"column":4},"end":{"line":36,"column":31}},"18":{"start":{"line":37,"column":4},"end":{"line":37,"column":28}},"19":{"start":{"line":38,"column":4},"end":{"line":38,"column":44}},"20":{"start":{"line":40,"column":4},"end":{"line":40,"column":70}},"21":{"start":{"line":44,"column":22},"end":{"line":54,"column":1}},"22":{"start":{"line":45,"column":2},"end":{"line":53,"column":3}},"23":{"start":{"line":46,"column":23},"end":{"line":46,"column":33}},"24":{"start":{"line":47,"column":19},"end":{"line":49,"column":6}},"25":{"start":{"line":50,"column":4},"end":{"line":50,"column":40}},"26":{"start":{"line":52,"column":4},"end":{"line":52,"column":79}},"27":{"start":{"line":56,"column":0},"end":{"line":60,"column":2}}},"fnMap":{"0":{"name":"(anonymous_0)","decl":{"start":{"line":7,"column":18},"end":{"line":7,"column":19}},"loc":{"start":{"line":7,"column":38},"end":{"line":24,"column":1}},"line":7},"1":{"name":"(anonymous_1)","decl":{"start":{"line":26,"column":21},"end":{"line":26,"column":22}},"loc":{"start":{"line":26,"column":41},"end":{"line":42,"column":1}},"line":26},"2":{"name":"(anonymous_2)","decl":{"start":{"line":44,"column":22},"end":{"line":44,"column":23}},"loc":{"start":{"line":44,"column":42},"end":{"line":54,"column":1}},"line":44}},"branchMap":{"0":{"loc":{"start":{"line":10,"column":4},"end":{"line":12,"column":5}},"type":"if","locations":[{"start":{"line":10,"column":4},"end":{"line":12,"column":5}},{"start":{},"end":{}}],"line":10},"1":{"loc":{"start":{"line":10,"column":8},"end":{"line":10,"column":40}},"type":"binary-expr","locations":[{"start":{"line":10,"column":8},"end":{"line":10,"column":15}},{"start":{"line":10,"column":19},"end":{"line":10,"column":29}},{"start":{"line":10,"column":33},"end":{"line":10,"column":40}}],"line":10},"2":{"loc":{"start":{"line":30,"column":4},"end":{"line":32,"column":5}},"type":"if","locations":[{"start":{"line":30,"column":4},"end":{"line":32,"column":5}},{"start":{},"end":{}}],"line":30},"3":{"loc":{"start":{"line":33,"column":4},"end":{"line":35,"column":5}},"type":"if","locations":[{"start":{"line":33,"column":4},"end":{"line":35,"column":5}},{"start":{},"end":{}}],"line":33}},"s":{"0":1,"1":1,"2":0,"3":0,"4":0,"5":0,"6":0,"7":0,"8":0,"9":1,"10":0,"11":0,"12":0,"13":0,"14":0,"15":0,"16":0,"17":0,"18":0,"19":0,"20":0,"21":1,"22":0,"23":0,"24":0,"25":0,"26":0,"27":1},"f":{"0":0,"1":0,"2":0},"b":{"0":[0,0],"1":[0,0,0],"2":[0,0],"3":[0,0]},"_coverageSchema":"1a1c01bbd47fc00a2c39e90264f33305004495a9","hash":"660a2a9f344bf25f1e0cdb4a3b184726a128edb2"}
,"C:\\Users\\X472795\\Desktop\\TemDeTudo\\backend\\controllers\\qrCodesController.js": {"path":"C:\\Users\\X472795\\Desktop\\TemDeTudo\\backend\\controllers\\qrCodesController.js","statementMap":{"0":{"start":{"line":5,"column":22},"end":{"line":5,"column":58}},"1":{"start":{"line":7,"column":23},"end":{"line":19,"column":1}},"2":{"start":{"line":8,"column":2},"end":{"line":18,"column":3}},"3":{"start":{"line":9,"column":23},"end":{"line":9,"column":31}},"4":{"start":{"line":10,"column":4},"end":{"line":12,"column":5}},"5":{"start":{"line":11,"column":6},"end":{"line":11,"column":73}},"6":{"start":{"line":13,"column":17},"end":{"line":13,"column":50}},"7":{"start":{"line":14,"column":19},"end":{"line":14,"column":59}},"8":{"start":{"line":15,"column":4},"end":{"line":15,"column":56}},"9":{"start":{"line":17,"column":4},"end":{"line":17,"column":68}},"10":{"start":{"line":21,"column":23},"end":{"line":32,"column":1}},"11":{"start":{"line":22,"column":2},"end":{"line":31,"column":3}},"12":{"start":{"line":23,"column":27},"end":{"line":23,"column":35}},"13":{"start":{"line":24,"column":4},"end":{"line":26,"column":5}},"14":{"start":{"line":25,"column":6},"end":{"line":25,"column":70}},"15":{"start":{"line":27,"column":17},"end":{"line":27,"column":63}},"16":{"start":{"line":28,"column":4},"end":{"line":28,"column":49}},"17":{"start":{"line":30,"column":4},"end":{"line":30,"column":63}},"18":{"start":{"line":34,"column":0},"end":{"line":37,"column":2}}},"fnMap":{"0":{"name":"(anonymous_0)","decl":{"start":{"line":7,"column":23},"end":{"line":7,"column":24}},"loc":{"start":{"line":7,"column":43},"end":{"line":19,"column":1}},"line":7},"1":{"name":"(anonymous_1)","decl":{"start":{"line":21,"column":23},"end":{"line":21,"column":24}},"loc":{"start":{"line":21,"column":43},"end":{"line":32,"column":1}},"line":21}},"branchMap":{"0":{"loc":{"start":{"line":10,"column":4},"end":{"line":12,"column":5}},"type":"if","locations":[{"start":{"line":10,"column":4},"end":{"line":12,"column":5}},{"start":{},"end":{}}],"line":10},"1":{"loc":{"start":{"line":24,"column":4},"end":{"line":26,"column":5}},"type":"if","locations":[{"start":{"line":24,"column":4},"end":{"line":26,"column":5}},{"start":{},"end":{}}],"line":24}},"s":{"0":1,"1":1,"2":1,"3":1,"4":1,"5":0,"6":1,"7":1,"8":1,"9":0,"10":1,"11":1,"12":1,"13":1,"14":0,"15":1,"16":1,"17":0,"18":1},"f":{"0":1,"1":1},"b":{"0":[0,1],"1":[0,1]},"_coverageSchema":"1a1c01bbd47fc00a2c39e90264f33305004495a9","hash":"39d9cb35138fa202c20ad9cff6b153f4630005b7"}
,"C:\\Users\\X472795\\Desktop\\TemDeTudo\\backend\\controllers\\reviewsController.js": {"path":"C:\\Users\\X472795\\Desktop\\TemDeTudo\\backend\\controllers\\reviewsController.js","statementMap":{"0":{"start":{"line":5,"column":15},"end":{"line":5,"column":42}},"1":{"start":{"line":7,"column":18},"end":{"line":26,"column":1}},"2":{"start":{"line":8,"column":2},"end":{"line":25,"column":3}},"3":{"start":{"line":9,"column":51},"end":{"line":9,"column":59}},"4":{"start":{"line":10,"column":4},"end":{"line":12,"column":5}},"5":{"start":{"line":11,"column":6},"end":{"line":11,"column":73}},"6":{"start":{"line":13,"column":4},"end":{"line":15,"column":5}},"7":{"start":{"line":14,"column":6},"end":{"line":14,"column":79}},"8":{"start":{"line":16,"column":19},"end":{"line":21,"column":6}},"9":{"start":{"line":22,"column":4},"end":{"line":22,"column":40}},"10":{"start":{"line":24,"column":4},"end":{"line":24,"column":74}},"11":{"start":{"line":28,"column":26},"end":{"line":38,"column":1}},"12":{"start":{"line":29,"column":2},"end":{"line":37,"column":3}},"13":{"start":{"line":30,"column":26},"end":{"line":30,"column":36}},"14":{"start":{"line":31,"column":20},"end":{"line":33,"column":6}},"15":{"start":{"line":34,"column":4},"end":{"line":34,"column":41}},"16":{"start":{"line":36,"column":4},"end":{"line":36,"column":72}},"17":{"start":{"line":40,"column":0},"end":{"line":43,"column":2}}},"fnMap":{"0":{"name":"(anonymous_0)","decl":{"start":{"line":7,"column":18},"end":{"line":7,"column":19}},"loc":{"start":{"line":7,"column":38},"end":{"line":26,"column":1}},"line":7},"1":{"name":"(anonymous_1)","decl":{"start":{"line":28,"column":26},"end":{"line":28,"column":27}},"loc":{"start":{"line":28,"column":46},"end":{"line":38,"column":1}},"line":28}},"branchMap":{"0":{"loc":{"start":{"line":10,"column":4},"end":{"line":12,"column":5}},"type":"if","locations":[{"start":{"line":10,"column":4},"end":{"line":12,"column":5}},{"start":{},"end":{}}],"line":10},"1":{"loc":{"start":{"line":10,"column":8},"end":{"line":10,"column":40}},"type":"binary-expr","locations":[{"start":{"line":10,"column":8},"end":{"line":10,"column":15}},{"start":{"line":10,"column":19},"end":{"line":10,"column":29}},{"start":{"line":10,"column":33},"end":{"line":10,"column":40}}],"line":10},"2":{"loc":{"start":{"line":13,"column":4},"end":{"line":15,"column":5}},"type":"if","locations":[{"start":{"line":13,"column":4},"end":{"line":15,"column":5}},{"start":{},"end":{}}],"line":13},"3":{"loc":{"start":{"line":13,"column":8},"end":{"line":13,"column":32}},"type":"binary-expr","locations":[{"start":{"line":13,"column":8},"end":{"line":13,"column":18}},{"start":{"line":13,"column":22},"end":{"line":13,"column":32}}],"line":13}},"s":{"0":1,"1":1,"2":0,"3":0,"4":0,"5":0,"6":0,"7":0,"8":0,"9":0,"10":0,"11":1,"12":0,"13":0,"14":0,"15":0,"16":0,"17":1},"f":{"0":0,"1":0},"b":{"0":[0,0],"1":[0,0,0],"2":[0,0],"3":[0,0]},"_coverageSchema":"1a1c01bbd47fc00a2c39e90264f33305004495a9","hash":"9026536892f4926b17eafd99e029c29fc5b20174"}
,"C:\\Users\\X472795\\Desktop\\TemDeTudo\\backend\\middlewares\\authMiddleware.js": {"path":"C:\\Users\\X472795\\Desktop\\TemDeTudo\\backend\\middlewares\\authMiddleware.js","statementMap":{"0":{"start":{"line":1,"column":12},"end":{"line":1,"column":35}},"1":{"start":{"line":2,"column":17},"end":{"line":2,"column":37}},"2":{"start":{"line":3,"column":15},"end":{"line":3,"column":42}},"3":{"start":{"line":5,"column":20},"end":{"line":14,"column":1}},"4":{"start":{"line":6,"column":16},"end":{"line":6,"column":59}},"5":{"start":{"line":7,"column":2},"end":{"line":7,"column":76}},"6":{"start":{"line":7,"column":14},"end":{"line":7,"column":76}},"7":{"start":{"line":9,"column":2},"end":{"line":13,"column":5}},"8":{"start":{"line":10,"column":4},"end":{"line":10,"column":70}},"9":{"start":{"line":10,"column":13},"end":{"line":10,"column":70}},"10":{"start":{"line":11,"column":4},"end":{"line":11,"column":28}},"11":{"start":{"line":12,"column":4},"end":{"line":12,"column":11}},"12":{"start":{"line":16,"column":20},"end":{"line":26,"column":1}},"13":{"start":{"line":17,"column":2},"end":{"line":25,"column":3}},"14":{"start":{"line":18,"column":17},"end":{"line":18,"column":48}},"15":{"start":{"line":19,"column":4},"end":{"line":21,"column":5}},"16":{"start":{"line":20,"column":6},"end":{"line":20,"column":87}},"17":{"start":{"line":22,"column":4},"end":{"line":22,"column":11}},"18":{"start":{"line":24,"column":4},"end":{"line":24,"column":56}},"19":{"start":{"line":28,"column":0},"end":{"line":31,"column":2}}},"fnMap":{"0":{"name":"(anonymous_0)","decl":{"start":{"line":5,"column":20},"end":{"line":5,"column":21}},"loc":{"start":{"line":5,"column":40},"end":{"line":14,"column":1}},"line":5},"1":{"name":"(anonymous_1)","decl":{"start":{"line":9,"column":38},"end":{"line":9,"column":39}},"loc":{"start":{"line":9,"column":56},"end":{"line":13,"column":3}},"line":9},"2":{"name":"(anonymous_2)","decl":{"start":{"line":16,"column":20},"end":{"line":16,"column":21}},"loc":{"start":{"line":16,"column":46},"end":{"line":26,"column":1}},"line":16}},"branchMap":{"0":{"loc":{"start":{"line":7,"column":2},"end":{"line":7,"column":76}},"type":"if","locations":[{"start":{"line":7,"column":2},"end":{"line":7,"column":76}},{"start":{},"end":{}}],"line":7},"1":{"loc":{"start":{"line":10,"column":4},"end":{"line":10,"column":70}},"type":"if","locations":[{"start":{"line":10,"column":4},"end":{"line":10,"column":70}},{"start":{},"end":{}}],"line":10},"2":{"loc":{"start":{"line":19,"column":4},"end":{"line":21,"column":5}},"type":"if","locations":[{"start":{"line":19,"column":4},"end":{"line":21,"column":5}},{"start":{},"end":{}}],"line":19},"3":{"loc":{"start":{"line":19,"column":8},"end":{"line":19,"column":38}},"type":"binary-expr","locations":[{"start":{"line":19,"column":8},"end":{"line":19,"column":13}},{"start":{"line":19,"column":17},"end":{"line":19,"column":38}}],"line":19}},"s":{"0":1,"1":1,"2":1,"3":1,"4":0,"5":0,"6":0,"7":0,"8":0,"9":0,"10":0,"11":0,"12":1,"13":0,"14":0,"15":0,"16":0,"17":0,"18":0,"19":1},"f":{"0":0,"1":0,"2":0},"b":{"0":[0,0],"1":[0,0],"2":[0,0],"3":[0,0]},"_coverageSchema":"1a1c01bbd47fc00a2c39e90264f33305004495a9","hash":"99beca76c8bc6b7e83ab4f26dd150915288498ec"}
,"C:\\Users\\X472795\\Desktop\\TemDeTudo\\backend\\models\\Company.js": {"path":"C:\\Users\\X472795\\Desktop\\TemDeTudo\\backend\\models\\Company.js","statementMap":{"0":{"start":{"line":6,"column":29},"end":{"line":6,"column":49}},"1":{"start":{"line":10,"column":4},"end":{"line":60,"column":7}},"2":{"start":{"line":61,"column":4},"end":{"line":61,"column":19}},"3":{"start":{"line":65,"column":0},"end":{"line":65,"column":25}}},"fnMap":{"0":{"name":"(anonymous_0)","decl":{"start":{"line":9,"column":2},"end":{"line":9,"column":3}},"loc":{"start":{"line":9,"column":30},"end":{"line":62,"column":3}},"line":9}},"branchMap":{},"s":{"0":1,"1":1,"2":1,"3":1},"f":{"0":1},"b":{},"_coverageSchema":"1a1c01bbd47fc00a2c39e90264f33305004495a9","hash":"ca921701ae561bec7f3e0332e7cafa7f7371ed00"}
,"C:\\Users\\X472795\\Desktop\\TemDeTudo\\backend\\models\\Notification.js": {"path":"C:\\Users\\X472795\\Desktop\\TemDeTudo\\backend\\models\\Notification.js","statementMap":{"0":{"start":{"line":5,"column":29},"end":{"line":5,"column":49}},"1":{"start":{"line":9,"column":4},"end":{"line":36,"column":7}},"2":{"start":{"line":37,"column":4},"end":{"line":37,"column":24}},"3":{"start":{"line":41,"column":0},"end":{"line":41,"column":30}}},"fnMap":{"0":{"name":"(anonymous_0)","decl":{"start":{"line":8,"column":2},"end":{"line":8,"column":3}},"loc":{"start":{"line":8,"column":30},"end":{"line":38,"column":3}},"line":8}},"branchMap":{},"s":{"0":1,"1":1,"2":1,"3":1},"f":{"0":1},"b":{},"_coverageSchema":"1a1c01bbd47fc00a2c39e90264f33305004495a9","hash":"7fb5e0ca29d9b424a24431d7743225f9c1f5d73a"}
,"C:\\Users\\X472795\\Desktop\\TemDeTudo\\backend\\models\\Payment.js": {"path":"C:\\Users\\X472795\\Desktop\\TemDeTudo\\backend\\models\\Payment.js","statementMap":{"0":{"start":{"line":5,"column":29},"end":{"line":5,"column":49}},"1":{"start":{"line":9,"column":4},"end":{"line":40,"column":7}},"2":{"start":{"line":41,"column":4},"end":{"line":41,"column":19}},"3":{"start":{"line":45,"column":0},"end":{"line":45,"column":25}}},"fnMap":{"0":{"name":"(anonymous_0)","decl":{"start":{"line":8,"column":2},"end":{"line":8,"column":3}},"loc":{"start":{"line":8,"column":30},"end":{"line":42,"column":3}},"line":8}},"branchMap":{},"s":{"0":1,"1":1,"2":1,"3":1},"f":{"0":1},"b":{},"_coverageSchema":"1a1c01bbd47fc00a2c39e90264f33305004495a9","hash":"4592ffdf78a0f83f01014fcc650e0ff3e221272d"}
,"C:\\Users\\X472795\\Desktop\\TemDeTudo\\backend\\models\\Point.js": {"path":"C:\\Users\\X472795\\Desktop\\TemDeTudo\\backend\\models\\Point.js","statementMap":{"0":{"start":{"line":5,"column":29},"end":{"line":5,"column":49}},"1":{"start":{"line":9,"column":4},"end":{"line":49,"column":7}},"2":{"start":{"line":50,"column":4},"end":{"line":50,"column":17}},"3":{"start":{"line":54,"column":0},"end":{"line":54,"column":23}}},"fnMap":{"0":{"name":"(anonymous_0)","decl":{"start":{"line":8,"column":2},"end":{"line":8,"column":3}},"loc":{"start":{"line":8,"column":30},"end":{"line":51,"column":3}},"line":8}},"branchMap":{},"s":{"0":1,"1":1,"2":1,"3":1},"f":{"0":1},"b":{},"_coverageSchema":"1a1c01bbd47fc00a2c39e90264f33305004495a9","hash":"39b96aba09d57b5aa59b845fc1c2c9ad93632737"}
,"C:\\Users\\X472795\\Desktop\\TemDeTudo\\backend\\models\\Review.js": {"path":"C:\\Users\\X472795\\Desktop\\TemDeTudo\\backend\\models\\Review.js","statementMap":{"0":{"start":{"line":5,"column":29},"end":{"line":5,"column":49}},"1":{"start":{"line":9,"column":4},"end":{"line":37,"column":7}},"2":{"start":{"line":38,"column":4},"end":{"line":38,"column":18}},"3":{"start":{"line":42,"column":0},"end":{"line":42,"column":24}}},"fnMap":{"0":{"name":"(anonymous_0)","decl":{"start":{"line":8,"column":2},"end":{"line":8,"column":3}},"loc":{"start":{"line":8,"column":30},"end":{"line":39,"column":3}},"line":8}},"branchMap":{},"s":{"0":1,"1":1,"2":1,"3":1},"f":{"0":1},"b":{},"_coverageSchema":"1a1c01bbd47fc00a2c39e90264f33305004495a9","hash":"954999926a963b129174c6186bf26b0b44ba094b"}
,"C:\\Users\\X472795\\Desktop\\TemDeTudo\\backend\\models\\User.js": {"path":"C:\\Users\\X472795\\Desktop\\TemDeTudo\\backend\\models\\User.js","statementMap":{"0":{"start":{"line":6,"column":29},"end":{"line":6,"column":49}},"1":{"start":{"line":7,"column":15},"end":{"line":7,"column":32}},"2":{"start":{"line":11,"column":4},"end":{"line":63,"column":7}},"3":{"start":{"line":51,"column":10},"end":{"line":54,"column":11}},"4":{"start":{"line":52,"column":25},"end":{"line":52,"column":49}},"5":{"start":{"line":53,"column":12},"end":{"line":53,"column":75}},"6":{"start":{"line":57,"column":10},"end":{"line":60,"column":11}},"7":{"start":{"line":58,"column":25},"end":{"line":58,"column":49}},"8":{"start":{"line":59,"column":12},"end":{"line":59,"column":75}},"9":{"start":{"line":64,"column":4},"end":{"line":64,"column":16}},"10":{"start":{"line":68,"column":4},"end":{"line":68,"column":55}},"11":{"start":{"line":72,"column":0},"end":{"line":72,"column":22}}},"fnMap":{"0":{"name":"(anonymous_0)","decl":{"start":{"line":10,"column":2},"end":{"line":10,"column":3}},"loc":{"start":{"line":10,"column":30},"end":{"line":65,"column":3}},"line":10},"1":{"name":"(anonymous_1)","decl":{"start":{"line":50,"column":22},"end":{"line":50,"column":23}},"loc":{"start":{"line":50,"column":38},"end":{"line":55,"column":9}},"line":50},"2":{"name":"(anonymous_2)","decl":{"start":{"line":56,"column":22},"end":{"line":56,"column":23}},"loc":{"start":{"line":56,"column":38},"end":{"line":61,"column":9}},"line":56},"3":{"name":"(anonymous_3)","decl":{"start":{"line":67,"column":2},"end":{"line":67,"column":3}},"loc":{"start":{"line":67,"column":35},"end":{"line":69,"column":3}},"line":67}},"branchMap":{"0":{"loc":{"start":{"line":51,"column":10},"end":{"line":54,"column":11}},"type":"if","locations":[{"start":{"line":51,"column":10},"end":{"line":54,"column":11}},{"start":{},"end":{}}],"line":51},"1":{"loc":{"start":{"line":57,"column":10},"end":{"line":60,"column":11}},"type":"if","locations":[{"start":{"line":57,"column":10},"end":{"line":60,"column":11}},{"start":{},"end":{}}],"line":57}},"s":{"0":1,"1":1,"2":1,"3":3,"4":3,"5":3,"6":0,"7":0,"8":0,"9":1,"10":1,"11":1},"f":{"0":1,"1":3,"2":0,"3":1},"b":{"0":[3,0],"1":[0,0]},"_coverageSchema":"1a1c01bbd47fc00a2c39e90264f33305004495a9","hash":"27e4672673f57bcdf193f6f77406b716b0d8a19e"}
,"C:\\Users\\X472795\\Desktop\\TemDeTudo\\backend\\models\\index.js": {"path":"C:\\Users\\X472795\\Desktop\\TemDeTudo\\backend\\models\\index.js","statementMap":{"0":{"start":{"line":5,"column":22},"end":{"line":5,"column":42}},"1":{"start":{"line":6,"column":15},"end":{"line":6,"column":42}},"2":{"start":{"line":8,"column":18},"end":{"line":12,"column":2}},"3":{"start":{"line":15,"column":13},"end":{"line":15,"column":30}},"4":{"start":{"line":16,"column":16},"end":{"line":16,"column":36}},"5":{"start":{"line":17,"column":14},"end":{"line":17,"column":32}},"6":{"start":{"line":18,"column":15},"end":{"line":18,"column":34}},"7":{"start":{"line":19,"column":21},"end":{"line":19,"column":46}},"8":{"start":{"line":20,"column":16},"end":{"line":20,"column":36}},"9":{"start":{"line":22,"column":18},"end":{"line":22,"column":43}},"10":{"start":{"line":23,"column":21},"end":{"line":23,"column":49}},"11":{"start":{"line":24,"column":19},"end":{"line":24,"column":45}},"12":{"start":{"line":25,"column":20},"end":{"line":25,"column":47}},"13":{"start":{"line":26,"column":26},"end":{"line":26,"column":59}},"14":{"start":{"line":27,"column":21},"end":{"line":27,"column":49}},"15":{"start":{"line":29,"column":0},"end":{"line":29,"column":56}},"16":{"start":{"line":30,"column":0},"end":{"line":30,"column":58}},"17":{"start":{"line":32,"column":0},"end":{"line":32,"column":62}},"18":{"start":{"line":33,"column":0},"end":{"line":33,"column":64}},"19":{"start":{"line":35,"column":0},"end":{"line":35,"column":63}},"20":{"start":{"line":36,"column":0},"end":{"line":36,"column":65}},"21":{"start":{"line":38,"column":0},"end":{"line":38,"column":57}},"22":{"start":{"line":39,"column":0},"end":{"line":39,"column":59}},"23":{"start":{"line":41,"column":0},"end":{"line":41,"column":63}},"24":{"start":{"line":42,"column":0},"end":{"line":42,"column":65}},"25":{"start":{"line":44,"column":0},"end":{"line":44,"column":69}},"26":{"start":{"line":45,"column":0},"end":{"line":45,"column":71}},"27":{"start":{"line":47,"column":0},"end":{"line":47,"column":64}},"28":{"start":{"line":48,"column":0},"end":{"line":48,"column":66}},"29":{"start":{"line":50,"column":0},"end":{"line":58,"column":2}}},"fnMap":{},"branchMap":{},"s":{"0":1,"1":1,"2":1,"3":1,"4":1,"5":1,"6":1,"7":1,"8":1,"9":1,"10":1,"11":1,"12":1,"13":1,"14":1,"15":1,"16":1,"17":1,"18":1,"19":1,"20":1,"21":1,"22":1,"23":1,"24":1,"25":1,"26":1,"27":1,"28":1,"29":1},"f":{},"b":{},"_coverageSchema":"1a1c01bbd47fc00a2c39e90264f33305004495a9","hash":"c5f4357e50821851b3672d8f2249b38ca33736e7"}
,"C:\\Users\\X472795\\Desktop\\TemDeTudo\\backend\\routes\\admin.js": {"path":"C:\\Users\\X472795\\Desktop\\TemDeTudo\\backend\\routes\\admin.js","statementMap":{"0":{"start":{"line":1,"column":16},"end":{"line":1,"column":34}},"1":{"start":{"line":2,"column":15},"end":{"line":2,"column":31}},"2":{"start":{"line":3,"column":24},"end":{"line":3,"column":64}},"3":{"start":{"line":4,"column":24},"end":{"line":4,"column":65}},"4":{"start":{"line":7,"column":0},"end":{"line":7,"column":24}},"5":{"start":{"line":10,"column":0},"end":{"line":10,"column":52}},"6":{"start":{"line":13,"column":0},"end":{"line":13,"column":56}},"7":{"start":{"line":14,"column":0},"end":{"line":14,"column":60}},"8":{"start":{"line":15,"column":0},"end":{"line":15,"column":63}},"9":{"start":{"line":18,"column":0},"end":{"line":18,"column":48}},"10":{"start":{"line":19,"column":0},"end":{"line":19,"column":53}},"11":{"start":{"line":20,"column":0},"end":{"line":20,"column":56}},"12":{"start":{"line":23,"column":0},"end":{"line":23,"column":54}},"13":{"start":{"line":24,"column":0},"end":{"line":24,"column":59}},"14":{"start":{"line":27,"column":0},"end":{"line":27,"column":56}},"15":{"start":{"line":28,"column":0},"end":{"line":28,"column":61}},"16":{"start":{"line":31,"column":0},"end":{"line":31,"column":51}},"17":{"start":{"line":33,"column":0},"end":{"line":33,"column":24}}},"fnMap":{},"branchMap":{},"s":{"0":1,"1":1,"2":1,"3":1,"4":1,"5":1,"6":1,"7":1,"8":1,"9":1,"10":1,"11":1,"12":1,"13":1,"14":1,"15":1,"16":1,"17":1},"f":{},"b":{},"_coverageSchema":"1a1c01bbd47fc00a2c39e90264f33305004495a9","hash":"9f25cfcf484f0c2843c33764d554246f259fad83"}
,"C:\\Users\\X472795\\Desktop\\TemDeTudo\\backend\\routes\\auth.js": {"path":"C:\\Users\\X472795\\Desktop\\TemDeTudo\\backend\\routes\\auth.js","statementMap":{"0":{"start":{"line":5,"column":16},"end":{"line":5,"column":34}},"1":{"start":{"line":6,"column":15},"end":{"line":6,"column":31}},"2":{"start":{"line":7,"column":15},"end":{"line":7,"column":32}},"3":{"start":{"line":8,"column":12},"end":{"line":8,"column":35}},"4":{"start":{"line":9,"column":17},"end":{"line":9,"column":37}},"5":{"start":{"line":10,"column":15},"end":{"line":10,"column":42}},"6":{"start":{"line":13,"column":2},"end":{"line":41,"column":5}},"7":{"start":{"line":14,"column":4},"end":{"line":40,"column":5}},"8":{"start":{"line":15,"column":40},"end":{"line":15,"column":48}},"9":{"start":{"line":18,"column":6},"end":{"line":20,"column":7}},"10":{"start":{"line":19,"column":8},"end":{"line":19,"column":88}},"11":{"start":{"line":23,"column":27},"end":{"line":23,"column":67}},"12":{"start":{"line":24,"column":6},"end":{"line":26,"column":7}},"13":{"start":{"line":25,"column":8},"end":{"line":25,"column":71}},"14":{"start":{"line":29,"column":19},"end":{"line":34,"column":8}},"15":{"start":{"line":36,"column":6},"end":{"line":36,"column":99}},"16":{"start":{"line":38,"column":6},"end":{"line":38,"column":48}},"17":{"start":{"line":39,"column":6},"end":{"line":39,"column":74}},"18":{"start":{"line":45,"column":0},"end":{"line":78,"column":3}},"19":{"start":{"line":46,"column":2},"end":{"line":77,"column":3}},"20":{"start":{"line":47,"column":32},"end":{"line":47,"column":40}},"21":{"start":{"line":50,"column":4},"end":{"line":52,"column":5}},"22":{"start":{"line":51,"column":6},"end":{"line":51,"column":80}},"23":{"start":{"line":55,"column":17},"end":{"line":55,"column":57}},"24":{"start":{"line":56,"column":4},"end":{"line":58,"column":5}},"25":{"start":{"line":57,"column":6},"end":{"line":57,"column":71}},"26":{"start":{"line":61,"column":26},"end":{"line":61,"column":63}},"27":{"start":{"line":62,"column":4},"end":{"line":64,"column":5}},"28":{"start":{"line":63,"column":6},"end":{"line":63,"column":71}},"29":{"start":{"line":67,"column":18},"end":{"line":71,"column":5}},"30":{"start":{"line":73,"column":4},"end":{"line":73,"column":72}},"31":{"start":{"line":75,"column":4},"end":{"line":75,"column":43}},"32":{"start":{"line":76,"column":4},"end":{"line":76,"column":72}},"33":{"start":{"line":80,"column":0},"end":{"line":80,"column":24}}},"fnMap":{"0":{"name":"(anonymous_0)","decl":{"start":{"line":13,"column":27},"end":{"line":13,"column":28}},"loc":{"start":{"line":13,"column":47},"end":{"line":41,"column":3}},"line":13},"1":{"name":"(anonymous_1)","decl":{"start":{"line":45,"column":22},"end":{"line":45,"column":23}},"loc":{"start":{"line":45,"column":42},"end":{"line":78,"column":1}},"line":45}},"branchMap":{"0":{"loc":{"start":{"line":18,"column":6},"end":{"line":20,"column":7}},"type":"if","locations":[{"start":{"line":18,"column":6},"end":{"line":20,"column":7}},{"start":{},"end":{}}],"line":18},"1":{"loc":{"start":{"line":18,"column":10},"end":{"line":18,"column":38}},"type":"binary-expr","locations":[{"start":{"line":18,"column":10},"end":{"line":18,"column":15}},{"start":{"line":18,"column":19},"end":{"line":18,"column":25}},{"start":{"line":18,"column":29},"end":{"line":18,"column":38}}],"line":18},"2":{"loc":{"start":{"line":24,"column":6},"end":{"line":26,"column":7}},"type":"if","locations":[{"start":{"line":24,"column":6},"end":{"line":26,"column":7}},{"start":{},"end":{}}],"line":24},"3":{"loc":{"start":{"line":50,"column":4},"end":{"line":52,"column":5}},"type":"if","locations":[{"start":{"line":50,"column":4},"end":{"line":52,"column":5}},{"start":{},"end":{}}],"line":50},"4":{"loc":{"start":{"line":50,"column":8},"end":{"line":50,"column":27}},"type":"binary-expr","locations":[{"start":{"line":50,"column":8},"end":{"line":50,"column":14}},{"start":{"line":50,"column":18},"end":{"line":50,"column":27}}],"line":50},"5":{"loc":{"start":{"line":56,"column":4},"end":{"line":58,"column":5}},"type":"if","locations":[{"start":{"line":56,"column":4},"end":{"line":58,"column":5}},{"start":{},"end":{}}],"line":56},"6":{"loc":{"start":{"line":62,"column":4},"end":{"line":64,"column":5}},"type":"if","locations":[{"start":{"line":62,"column":4},"end":{"line":64,"column":5}},{"start":{},"end":{}}],"line":62}},"s":{"0":1,"1":1,"2":1,"3":1,"4":1,"5":1,"6":1,"7":3,"8":3,"9":3,"10":0,"11":3,"12":3,"13":0,"14":3,"15":3,"16":0,"17":0,"18":1,"19":1,"20":1,"21":1,"22":0,"23":1,"24":1,"25":0,"26":1,"27":1,"28":0,"29":1,"30":1,"31":0,"32":0,"33":1},"f":{"0":3,"1":1},"b":{"0":[0,3],"1":[3,3,3],"2":[0,3],"3":[0,1],"4":[1,1],"5":[0,1],"6":[0,1]},"_coverageSchema":"1a1c01bbd47fc00a2c39e90264f33305004495a9","hash":"7412f3819b350c654d79cc538c00fb19e2c47059"}
,"C:\\Users\\X472795\\Desktop\\TemDeTudo\\backend\\routes\\clients.js": {"path":"C:\\Users\\X472795\\Desktop\\TemDeTudo\\backend\\routes\\clients.js","statementMap":{"0":{"start":{"line":5,"column":16},"end":{"line":5,"column":34}},"1":{"start":{"line":6,"column":15},"end":{"line":6,"column":31}},"2":{"start":{"line":7,"column":26},"end":{"line":7,"column":69}},"3":{"start":{"line":10,"column":0},"end":{"line":10,"column":49}},"4":{"start":{"line":13,"column":0},"end":{"line":13,"column":52}},"5":{"start":{"line":16,"column":0},"end":{"line":16,"column":47}},"6":{"start":{"line":18,"column":0},"end":{"line":18,"column":24}}},"fnMap":{},"branchMap":{},"s":{"0":1,"1":1,"2":1,"3":1,"4":1,"5":1,"6":1},"f":{},"b":{},"_coverageSchema":"1a1c01bbd47fc00a2c39e90264f33305004495a9","hash":"ae35832aa1d89c879f75b6bf3dab8978edc0afd6"}
,"C:\\Users\\X472795\\Desktop\\TemDeTudo\\backend\\routes\\companies.js": {"path":"C:\\Users\\X472795\\Desktop\\TemDeTudo\\backend\\routes\\companies.js","statementMap":{"0":{"start":{"line":6,"column":16},"end":{"line":6,"column":34}},"1":{"start":{"line":7,"column":15},"end":{"line":7,"column":31}},"2":{"start":{"line":8,"column":28},"end":{"line":8,"column":73}},"3":{"start":{"line":11,"column":0},"end":{"line":11,"column":60}},"4":{"start":{"line":14,"column":0},"end":{"line":14,"column":51}},"5":{"start":{"line":17,"column":0},"end":{"line":17,"column":71}},"6":{"start":{"line":20,"column":0},"end":{"line":20,"column":63}},"7":{"start":{"line":22,"column":0},"end":{"line":22,"column":24}}},"fnMap":{},"branchMap":{},"s":{"0":1,"1":1,"2":1,"3":1,"4":1,"5":1,"6":1,"7":1},"f":{},"b":{},"_coverageSchema":"1a1c01bbd47fc00a2c39e90264f33305004495a9","hash":"56b59398fb4c81c76f7f183aae5658d4e645326a"}
,"C:\\Users\\X472795\\Desktop\\TemDeTudo\\backend\\routes\\index.js": {"path":"C:\\Users\\X472795\\Desktop\\TemDeTudo\\backend\\routes\\index.js","statementMap":{"0":{"start":{"line":5,"column":16},"end":{"line":5,"column":34}},"1":{"start":{"line":6,"column":15},"end":{"line":6,"column":31}},"2":{"start":{"line":8,"column":19},"end":{"line":8,"column":36}},"3":{"start":{"line":9,"column":21},"end":{"line":9,"column":41}},"4":{"start":{"line":10,"column":22},"end":{"line":10,"column":44}},"5":{"start":{"line":11,"column":22},"end":{"line":11,"column":43}},"6":{"start":{"line":12,"column":20},"end":{"line":12,"column":39}},"7":{"start":{"line":13,"column":21},"end":{"line":13,"column":41}},"8":{"start":{"line":14,"column":27},"end":{"line":14,"column":53}},"9":{"start":{"line":15,"column":27},"end":{"line":15,"column":52}},"10":{"start":{"line":16,"column":22},"end":{"line":16,"column":42}},"11":{"start":{"line":17,"column":20},"end":{"line":17,"column":38}},"12":{"start":{"line":19,"column":0},"end":{"line":19,"column":32}},"13":{"start":{"line":20,"column":0},"end":{"line":20,"column":37}},"14":{"start":{"line":21,"column":0},"end":{"line":21,"column":40}},"15":{"start":{"line":22,"column":0},"end":{"line":22,"column":39}},"16":{"start":{"line":23,"column":0},"end":{"line":23,"column":35}},"17":{"start":{"line":24,"column":0},"end":{"line":24,"column":37}},"18":{"start":{"line":25,"column":0},"end":{"line":25,"column":49}},"19":{"start":{"line":26,"column":0},"end":{"line":26,"column":48}},"20":{"start":{"line":27,"column":0},"end":{"line":27,"column":38}},"21":{"start":{"line":28,"column":0},"end":{"line":28,"column":34}},"22":{"start":{"line":30,"column":0},"end":{"line":30,"column":24}}},"fnMap":{},"branchMap":{},"s":{"0":1,"1":1,"2":1,"3":1,"4":1,"5":1,"6":1,"7":1,"8":1,"9":1,"10":1,"11":1,"12":1,"13":1,"14":1,"15":1,"16":1,"17":1,"18":1,"19":1,"20":1,"21":1,"22":1},"f":{},"b":{},"_coverageSchema":"1a1c01bbd47fc00a2c39e90264f33305004495a9","hash":"1fe1a87bfc3426808e1b8687e13c634b29029687"}
,"C:\\Users\\X472795\\Desktop\\TemDeTudo\\backend\\routes\\notifications.js": {"path":"C:\\Users\\X472795\\Desktop\\TemDeTudo\\backend\\routes\\notifications.js","statementMap":{"0":{"start":{"line":5,"column":16},"end":{"line":5,"column":34}},"1":{"start":{"line":6,"column":15},"end":{"line":6,"column":31}},"2":{"start":{"line":7,"column":32},"end":{"line":7,"column":81}},"3":{"start":{"line":10,"column":0},"end":{"line":10,"column":58}},"4":{"start":{"line":13,"column":0},"end":{"line":13,"column":74}},"5":{"start":{"line":16,"column":0},"end":{"line":16,"column":83}},"6":{"start":{"line":19,"column":0},"end":{"line":19,"column":60}},"7":{"start":{"line":21,"column":0},"end":{"line":21,"column":24}}},"fnMap":{},"branchMap":{},"s":{"0":1,"1":1,"2":1,"3":1,"4":1,"5":1,"6":1,"7":1},"f":{},"b":{},"_coverageSchema":"1a1c01bbd47fc00a2c39e90264f33305004495a9","hash":"f50a69e6476bf3d1ce40f99fe1b482bd447f587c"}
,"C:\\Users\\X472795\\Desktop\\TemDeTudo\\backend\\routes\\payments.js": {"path":"C:\\Users\\X472795\\Desktop\\TemDeTudo\\backend\\routes\\payments.js","statementMap":{"0":{"start":{"line":5,"column":16},"end":{"line":5,"column":34}},"1":{"start":{"line":6,"column":15},"end":{"line":6,"column":31}},"2":{"start":{"line":7,"column":27},"end":{"line":7,"column":71}},"3":{"start":{"line":10,"column":0},"end":{"line":10,"column":53}},"4":{"start":{"line":13,"column":0},"end":{"line":13,"column":66}},"5":{"start":{"line":15,"column":0},"end":{"line":15,"column":24}}},"fnMap":{},"branchMap":{},"s":{"0":1,"1":1,"2":1,"3":1,"4":1,"5":1},"f":{},"b":{},"_coverageSchema":"1a1c01bbd47fc00a2c39e90264f33305004495a9","hash":"06cb98e2c3c208f0aaf3d9621d31fe8ee2307306"}
,"C:\\Users\\X472795\\Desktop\\TemDeTudo\\backend\\routes\\points.js": {"path":"C:\\Users\\X472795\\Desktop\\TemDeTudo\\backend\\routes\\points.js","statementMap":{"0":{"start":{"line":5,"column":16},"end":{"line":5,"column":34}},"1":{"start":{"line":6,"column":15},"end":{"line":6,"column":31}},"2":{"start":{"line":7,"column":25},"end":{"line":7,"column":67}},"3":{"start":{"line":10,"column":0},"end":{"line":10,"column":45}},"4":{"start":{"line":13,"column":0},"end":{"line":13,"column":57}},"5":{"start":{"line":16,"column":0},"end":{"line":16,"column":60}},"6":{"start":{"line":18,"column":0},"end":{"line":18,"column":24}}},"fnMap":{},"branchMap":{},"s":{"0":1,"1":1,"2":1,"3":1,"4":1,"5":1,"6":1},"f":{},"b":{},"_coverageSchema":"1a1c01bbd47fc00a2c39e90264f33305004495a9","hash":"922c484dac544883335f8aa353875f049290ae0f"}
,"C:\\Users\\X472795\\Desktop\\TemDeTudo\\backend\\routes\\qrCodes.js": {"path":"C:\\Users\\X472795\\Desktop\\TemDeTudo\\backend\\routes\\qrCodes.js","statementMap":{"0":{"start":{"line":5,"column":16},"end":{"line":5,"column":34}},"1":{"start":{"line":6,"column":15},"end":{"line":6,"column":31}},"2":{"start":{"line":7,"column":26},"end":{"line":7,"column":69}},"3":{"start":{"line":10,"column":0},"end":{"line":10,"column":59}},"4":{"start":{"line":13,"column":0},"end":{"line":13,"column":59}},"5":{"start":{"line":15,"column":0},"end":{"line":15,"column":24}}},"fnMap":{},"branchMap":{},"s":{"0":1,"1":1,"2":1,"3":1,"4":1,"5":1},"f":{},"b":{},"_coverageSchema":"1a1c01bbd47fc00a2c39e90264f33305004495a9","hash":"6d69bb03ae2800cfdaa9121a7f18f61e30c7e011"}
,"C:\\Users\\X472795\\Desktop\\TemDeTudo\\backend\\routes\\reviews.js": {"path":"C:\\Users\\X472795\\Desktop\\TemDeTudo\\backend\\routes\\reviews.js","statementMap":{"0":{"start":{"line":5,"column":16},"end":{"line":5,"column":34}},"1":{"start":{"line":6,"column":15},"end":{"line":6,"column":31}},"2":{"start":{"line":7,"column":26},"end":{"line":7,"column":69}},"3":{"start":{"line":10,"column":0},"end":{"line":10,"column":46}},"4":{"start":{"line":13,"column":0},"end":{"line":13,"column":71}},"5":{"start":{"line":15,"column":0},"end":{"line":15,"column":24}}},"fnMap":{},"branchMap":{},"s":{"0":1,"1":1,"2":1,"3":1,"4":1,"5":1},"f":{},"b":{},"_coverageSchema":"1a1c01bbd47fc00a2c39e90264f33305004495a9","hash":"852bb3a7bfb8ce659dfa78c270ae3b3b6a3e4b89"}
,"C:\\Users\\X472795\\Desktop\\TemDeTudo\\backend\\routes\\tempPayments.js": {"path":"C:\\Users\\X472795\\Desktop\\TemDeTudo\\backend\\routes\\tempPayments.js","statementMap":{"0":{"start":{"line":1,"column":16},"end":{"line":1,"column":34}},"1":{"start":{"line":2,"column":15},"end":{"line":2,"column":31}},"2":{"start":{"line":3,"column":20},"end":{"line":3,"column":40}},"3":{"start":{"line":6,"column":0},"end":{"line":17,"column":3}},"4":{"start":{"line":7,"column":2},"end":{"line":16,"column":3}},"5":{"start":{"line":8,"column":26},"end":{"line":8,"column":36}},"6":{"start":{"line":9,"column":21},"end":{"line":12,"column":6}},"7":{"start":{"line":13,"column":4},"end":{"line":13,"column":23}},"8":{"start":{"line":15,"column":4},"end":{"line":15,"column":65}},"9":{"start":{"line":19,"column":0},"end":{"line":19,"column":24}}},"fnMap":{"0":{"name":"(anonymous_0)","decl":{"start":{"line":6,"column":34},"end":{"line":6,"column":35}},"loc":{"start":{"line":6,"column":54},"end":{"line":17,"column":1}},"line":6}},"branchMap":{},"s":{"0":1,"1":1,"2":1,"3":1,"4":0,"5":0,"6":0,"7":0,"8":0,"9":1},"f":{"0":0},"b":{},"_coverageSchema":"1a1c01bbd47fc00a2c39e90264f33305004495a9","hash":"a4e7b0cf36d6b73624d9fc8a4346dceb87862058"}
,"C:\\Users\\X472795\\Desktop\\TemDeTudo\\backend\\services\\qrCodeService.js": {"path":"C:\\Users\\X472795\\Desktop\\TemDeTudo\\backend\\services\\qrCodeService.js","statementMap":{"0":{"start":{"line":5,"column":15},"end":{"line":5,"column":32}},"1":{"start":{"line":7,"column":23},"end":{"line":14,"column":1}},"2":{"start":{"line":8,"column":2},"end":{"line":13,"column":3}},"3":{"start":{"line":9,"column":26},"end":{"line":9,"column":70}},"4":{"start":{"line":10,"column":4},"end":{"line":10,"column":25}},"5":{"start":{"line":12,"column":4},"end":{"line":12,"column":45}},"6":{"start":{"line":16,"column":23},"end":{"line":24,"column":1}},"7":{"start":{"line":17,"column":2},"end":{"line":23,"column":3}},"8":{"start":{"line":18,"column":17},"end":{"line":18,"column":41}},"9":{"start":{"line":20,"column":4},"end":{"line":20,"column":16}},"10":{"start":{"line":22,"column":4},"end":{"line":22,"column":17}},"11":{"start":{"line":26,"column":0},"end":{"line":29,"column":2}}},"fnMap":{"0":{"name":"(anonymous_0)","decl":{"start":{"line":7,"column":23},"end":{"line":7,"column":24}},"loc":{"start":{"line":7,"column":39},"end":{"line":14,"column":1}},"line":7},"1":{"name":"(anonymous_1)","decl":{"start":{"line":16,"column":23},"end":{"line":16,"column":24}},"loc":{"start":{"line":16,"column":41},"end":{"line":24,"column":1}},"line":16}},"branchMap":{},"s":{"0":1,"1":1,"2":1,"3":1,"4":1,"5":0,"6":1,"7":1,"8":1,"9":0,"10":1,"11":1},"f":{"0":1,"1":1},"b":{},"_coverageSchema":"1a1c01bbd47fc00a2c39e90264f33305004495a9","hash":"341b212b6065e4b63934ceefd58a6c88bf20edd0"}
}
