TN:
SF:backend\app.js
FN:25,(anonymous_0)
FN:31,(anonymous_1)
FN:35,(anonymous_2)
FN:38,(anonymous_3)
FN:43,(anonymous_4)
FNF:5
FNH:2
FNDA:0,(anonymous_0)
FNDA:1,(anonymous_1)
FNDA:1,(anonymous_2)
FNDA:0,(anonymous_3)
FNDA:0,(anonymous_4)
DA:6,1
DA:7,1
DA:8,1
DA:9,1
DA:10,1
DA:12,1
DA:13,1
DA:16,1
DA:19,1
DA:22,1
DA:25,1
DA:26,0
DA:30,1
DA:32,1
DA:33,1
DA:37,1
DA:38,0
DA:39,0
DA:44,0
DA:47,1
LF:20
LH:16
BRDA:13,0,0,1
BRDA:13,0,1,1
BRDA:37,1,0,0
BRDA:37,1,1,1
BRF:4
BRH:3
end_of_record
TN:
SF:backend\config\config.js
FNF:0
FNH:0
DA:6,1
LF:1
LH:1
BRF:0
BRH:0
end_of_record
TN:
SF:backend\controllers\adminController.js
FN:4,(anonymous_0)
FN:15,(anonymous_1)
FN:24,(anonymous_2)
FN:37,(anonymous_3)
FN:49,(anonymous_4)
FN:58,(anonymous_5)
FN:71,(anonymous_6)
FN:83,(anonymous_7)
FN:92,(anonymous_8)
FN:105,(anonymous_9)
FN:114,(anonymous_10)
FN:127,(anonymous_11)
FNF:12
FNH:0
FNDA:0,(anonymous_0)
FNDA:0,(anonymous_1)
FNDA:0,(anonymous_2)
FNDA:0,(anonymous_3)
FNDA:0,(anonymous_4)
FNDA:0,(anonymous_5)
FNDA:0,(anonymous_6)
FNDA:0,(anonymous_7)
FNDA:0,(anonymous_8)
FNDA:0,(anonymous_9)
FNDA:0,(anonymous_10)
FNDA:0,(anonymous_11)
DA:1,1
DA:3,1
DA:5,0
DA:6,0
DA:7,0
DA:8,0
DA:9,0
DA:11,0
DA:16,0
DA:17,0
DA:18,0
DA:20,0
DA:25,0
DA:26,0
DA:27,0
DA:28,0
DA:29,0
DA:30,0
DA:31,0
DA:33,0
DA:38,0
DA:39,0
DA:40,0
DA:41,0
DA:42,0
DA:43,0
DA:45,0
DA:50,0
DA:51,0
DA:52,0
DA:54,0
DA:59,0
DA:60,0
DA:61,0
DA:62,0
DA:63,0
DA:64,0
DA:65,0
DA:67,0
DA:72,0
DA:73,0
DA:74,0
DA:75,0
DA:76,0
DA:77,0
DA:79,0
DA:84,0
DA:85,0
DA:86,0
DA:88,0
DA:93,0
DA:94,0
DA:95,0
DA:96,0
DA:97,0
DA:98,0
DA:99,0
DA:101,0
DA:106,0
DA:107,0
DA:108,0
DA:110,0
DA:115,0
DA:116,0
DA:117,0
DA:118,0
DA:119,0
DA:120,0
DA:121,0
DA:123,0
DA:128,0
DA:130,0
DA:132,0
LF:73
LH:2
BRDA:29,0,0,0
BRDA:29,0,1,0
BRDA:41,1,0,0
BRDA:41,1,1,0
BRDA:63,2,0,0
BRDA:63,2,1,0
BRDA:75,3,0,0
BRDA:75,3,1,0
BRDA:97,4,0,0
BRDA:97,4,1,0
BRDA:118,5,0,0
BRDA:118,5,1,0
BRF:12
BRH:0
end_of_record
TN:
SF:backend\controllers\clientsController.js
FN:10,(anonymous_0)
FN:27,(anonymous_1)
FN:52,(anonymous_2)
FNF:3
FNH:0
FNDA:0,(anonymous_0)
FNDA:0,(anonymous_1)
FNDA:0,(anonymous_2)
DA:5,1
DA:6,1
DA:8,1
DA:11,0
DA:12,0
DA:13,0
DA:16,0
DA:17,0
DA:19,0
DA:21,0
DA:22,0
DA:28,0
DA:29,0
DA:30,0
DA:32,0
DA:33,0
DA:34,0
DA:37,0
DA:38,0
DA:39,0
DA:40,0
DA:43,0
DA:44,0
DA:46,0
DA:47,0
DA:53,0
DA:54,0
DA:58,0
DA:60,0
DA:61,0
DA:66,1
LF:31
LH:4
BRDA:16,0,0,0
BRDA:16,0,1,0
BRDA:33,1,0,0
BRDA:33,1,1,0
BRDA:37,2,0,0
BRDA:37,2,1,0
BRDA:38,3,0,0
BRDA:38,3,1,0
BRDA:39,4,0,0
BRDA:39,4,1,0
BRF:10
BRH:0
end_of_record
TN:
SF:backend\controllers\companiesController.js
FN:11,(anonymous_0)
FN:42,(anonymous_1)
FN:60,(anonymous_2)
FN:84,(anonymous_3)
FNF:4
FNH:3
FNDA:1,(anonymous_0)
FNDA:0,(anonymous_1)
FNDA:1,(anonymous_2)
FNDA:1,(anonymous_3)
DA:6,1
DA:7,1
DA:12,1
DA:13,1
DA:15,1
DA:16,0
DA:20,1
DA:21,1
DA:22,0
DA:25,1
DA:34,1
DA:36,0
DA:37,0
DA:43,0
DA:44,0
DA:45,0
DA:47,0
DA:48,0
DA:51,0
DA:52,0
DA:54,0
DA:55,0
DA:61,1
DA:62,1
DA:64,1
DA:65,1
DA:66,0
DA:69,1
DA:70,0
DA:73,1
DA:74,1
DA:76,1
DA:78,0
DA:79,0
DA:85,1
DA:86,1
DA:88,1
DA:89,1
DA:90,0
DA:93,1
DA:94,1
DA:96,1
DA:98,0
DA:99,0
DA:104,1
LF:45
LH:25
BRDA:15,0,0,0
BRDA:15,0,1,1
BRDA:15,1,0,1
BRDA:15,1,1,1
BRDA:21,2,0,0
BRDA:21,2,1,1
BRDA:47,3,0,0
BRDA:47,3,1,0
BRDA:65,4,0,0
BRDA:65,4,1,1
BRDA:69,5,0,0
BRDA:69,5,1,1
BRDA:89,6,0,0
BRDA:89,6,1,1
BRF:14
BRH:7
end_of_record
TN:
SF:backend\controllers\notificationsController.js
FN:7,(anonymous_0)
FN:25,(anonymous_1)
FN:38,(anonymous_2)
FN:51,(anonymous_3)
FNF:4
FNH:0
FNDA:0,(anonymous_0)
FNDA:0,(anonymous_1)
FNDA:0,(anonymous_2)
FNDA:0,(anonymous_3)
DA:5,1
DA:7,1
DA:8,0
DA:9,0
DA:10,0
DA:11,0
DA:13,0
DA:19,0
DA:21,0
DA:25,1
DA:26,0
DA:27,0
DA:28,0
DA:32,0
DA:34,0
DA:38,1
DA:39,0
DA:40,0
DA:41,0
DA:45,0
DA:47,0
DA:51,1
DA:52,0
DA:53,0
DA:54,0
DA:55,0
DA:56,0
DA:58,0
DA:59,0
DA:60,0
DA:62,0
DA:66,1
LF:32
LH:6
BRDA:10,0,0,0
BRDA:10,0,1,0
BRDA:14,1,0,0
BRDA:14,1,1,0
BRDA:15,2,0,0
BRDA:15,2,1,0
BRDA:55,3,0,0
BRDA:55,3,1,0
BRF:8
BRH:0
end_of_record
TN:
SF:backend\controllers\paymentsController.js
FN:7,(anonymous_0)
FN:26,(anonymous_1)
FNF:2
FNH:2
FNDA:1,(anonymous_0)
FNDA:1,(anonymous_1)
DA:5,1
DA:7,1
DA:8,1
DA:9,1
DA:10,1
DA:11,0
DA:13,1
DA:20,1
DA:22,0
DA:26,1
DA:27,1
DA:28,1
DA:29,1
DA:30,1
DA:31,1
DA:32,0
DA:34,1
DA:35,0
DA:37,1
DA:38,1
DA:39,1
DA:41,0
DA:45,1
LF:23
LH:18
BRDA:10,0,0,0
BRDA:10,0,1,1
BRDA:10,1,0,1
BRDA:10,1,1,1
BRDA:16,2,0,1
BRDA:16,2,1,0
BRDA:17,3,0,1
BRDA:17,3,1,0
BRDA:31,4,0,0
BRDA:31,4,1,1
BRDA:34,5,0,0
BRDA:34,5,1,1
BRF:12
BRH:7
end_of_record
TN:
SF:backend\controllers\pointsController.js
FN:7,(anonymous_0)
FN:26,(anonymous_1)
FN:44,(anonymous_2)
FNF:3
FNH:0
FNDA:0,(anonymous_0)
FNDA:0,(anonymous_1)
FNDA:0,(anonymous_2)
DA:5,1
DA:7,1
DA:8,0
DA:9,0
DA:10,0
DA:11,0
DA:13,0
DA:20,0
DA:22,0
DA:26,1
DA:27,0
DA:28,0
DA:29,0
DA:30,0
DA:31,0
DA:33,0
DA:34,0
DA:36,0
DA:37,0
DA:38,0
DA:40,0
DA:44,1
DA:45,0
DA:46,0
DA:47,0
DA:50,0
DA:52,0
DA:56,1
LF:28
LH:5
BRDA:10,0,0,0
BRDA:10,0,1,0
BRDA:10,1,0,0
BRDA:10,1,1,0
BRDA:10,1,2,0
BRDA:30,2,0,0
BRDA:30,2,1,0
BRDA:33,3,0,0
BRDA:33,3,1,0
BRF:9
BRH:0
end_of_record
TN:
SF:backend\controllers\qrCodesController.js
FN:7,(anonymous_0)
FN:21,(anonymous_1)
FNF:2
FNH:2
FNDA:1,(anonymous_0)
FNDA:1,(anonymous_1)
DA:5,1
DA:7,1
DA:8,1
DA:9,1
DA:10,1
DA:11,0
DA:13,1
DA:14,1
DA:15,1
DA:17,0
DA:21,1
DA:22,1
DA:23,1
DA:24,1
DA:25,0
DA:27,1
DA:28,1
DA:30,0
DA:34,1
LF:19
LH:15
BRDA:10,0,0,0
BRDA:10,0,1,1
BRDA:24,1,0,0
BRDA:24,1,1,1
BRF:4
BRH:2
end_of_record
TN:
SF:backend\controllers\reviewsController.js
FN:7,(anonymous_0)
FN:28,(anonymous_1)
FNF:2
FNH:0
FNDA:0,(anonymous_0)
FNDA:0,(anonymous_1)
DA:5,1
DA:7,1
DA:8,0
DA:9,0
DA:10,0
DA:11,0
DA:13,0
DA:14,0
DA:16,0
DA:22,0
DA:24,0
DA:28,1
DA:29,0
DA:30,0
DA:31,0
DA:34,0
DA:36,0
DA:40,1
LF:18
LH:4
BRDA:10,0,0,0
BRDA:10,0,1,0
BRDA:10,1,0,0
BRDA:10,1,1,0
BRDA:10,1,2,0
BRDA:13,2,0,0
BRDA:13,2,1,0
BRDA:13,3,0,0
BRDA:13,3,1,0
BRF:9
BRH:0
end_of_record
TN:
SF:backend\middlewares\authMiddleware.js
FN:5,(anonymous_0)
FN:9,(anonymous_1)
FN:16,(anonymous_2)
FNF:3
FNH:0
FNDA:0,(anonymous_0)
FNDA:0,(anonymous_1)
FNDA:0,(anonymous_2)
DA:1,1
DA:2,1
DA:3,1
DA:5,1
DA:6,0
DA:7,0
DA:9,0
DA:10,0
DA:11,0
DA:12,0
DA:16,1
DA:17,0
DA:18,0
DA:19,0
DA:20,0
DA:22,0
DA:24,0
DA:28,1
LF:18
LH:6
BRDA:7,0,0,0
BRDA:7,0,1,0
BRDA:10,1,0,0
BRDA:10,1,1,0
BRDA:19,2,0,0
BRDA:19,2,1,0
BRDA:19,3,0,0
BRDA:19,3,1,0
BRF:8
BRH:0
end_of_record
TN:
SF:backend\models\Company.js
FN:9,(anonymous_0)
FNF:1
FNH:1
FNDA:1,(anonymous_0)
DA:6,1
DA:10,1
DA:61,1
DA:65,1
LF:4
LH:4
BRF:0
BRH:0
end_of_record
TN:
SF:backend\models\Notification.js
FN:8,(anonymous_0)
FNF:1
FNH:1
FNDA:1,(anonymous_0)
DA:5,1
DA:9,1
DA:37,1
DA:41,1
LF:4
LH:4
BRF:0
BRH:0
end_of_record
TN:
SF:backend\models\Payment.js
FN:8,(anonymous_0)
FNF:1
FNH:1
FNDA:1,(anonymous_0)
DA:5,1
DA:9,1
DA:41,1
DA:45,1
LF:4
LH:4
BRF:0
BRH:0
end_of_record
TN:
SF:backend\models\Point.js
FN:8,(anonymous_0)
FNF:1
FNH:1
FNDA:1,(anonymous_0)
DA:5,1
DA:9,1
DA:50,1
DA:54,1
LF:4
LH:4
BRF:0
BRH:0
end_of_record
TN:
SF:backend\models\Review.js
FN:8,(anonymous_0)
FNF:1
FNH:1
FNDA:1,(anonymous_0)
DA:5,1
DA:9,1
DA:38,1
DA:42,1
LF:4
LH:4
BRF:0
BRH:0
end_of_record
TN:
SF:backend\models\User.js
FN:10,(anonymous_0)
FN:50,(anonymous_1)
FN:56,(anonymous_2)
FN:67,(anonymous_3)
FNF:4
FNH:3
FNDA:1,(anonymous_0)
FNDA:3,(anonymous_1)
FNDA:0,(anonymous_2)
FNDA:1,(anonymous_3)
DA:6,1
DA:7,1
DA:11,1
DA:51,3
DA:52,3
DA:53,3
DA:57,0
DA:58,0
DA:59,0
DA:64,1
DA:68,1
DA:72,1
LF:12
LH:9
BRDA:51,0,0,3
BRDA:51,0,1,0
BRDA:57,1,0,0
BRDA:57,1,1,0
BRF:4
BRH:1
end_of_record
TN:
SF:backend\models\index.js
FNF:0
FNH:0
DA:5,1
DA:6,1
DA:8,1
DA:15,1
DA:16,1
DA:17,1
DA:18,1
DA:19,1
DA:20,1
DA:22,1
DA:23,1
DA:24,1
DA:25,1
DA:26,1
DA:27,1
DA:29,1
DA:30,1
DA:32,1
DA:33,1
DA:35,1
DA:36,1
DA:38,1
DA:39,1
DA:41,1
DA:42,1
DA:44,1
DA:45,1
DA:47,1
DA:48,1
DA:50,1
LF:30
LH:30
BRF:0
BRH:0
end_of_record
TN:
SF:backend\routes\admin.js
FNF:0
FNH:0
DA:1,1
DA:2,1
DA:3,1
DA:4,1
DA:7,1
DA:10,1
DA:13,1
DA:14,1
DA:15,1
DA:18,1
DA:19,1
DA:20,1
DA:23,1
DA:24,1
DA:27,1
DA:28,1
DA:31,1
DA:33,1
LF:18
LH:18
BRF:0
BRH:0
end_of_record
TN:
SF:backend\routes\auth.js
FN:13,(anonymous_0)
FN:45,(anonymous_1)
FNF:2
FNH:2
FNDA:3,(anonymous_0)
FNDA:1,(anonymous_1)
DA:5,1
DA:6,1
DA:7,1
DA:8,1
DA:9,1
DA:10,1
DA:13,1
DA:14,3
DA:15,3
DA:18,3
DA:19,0
DA:23,3
DA:24,3
DA:25,0
DA:29,3
DA:36,3
DA:38,0
DA:39,0
DA:45,1
DA:46,1
DA:47,1
DA:50,1
DA:51,0
DA:55,1
DA:56,1
DA:57,0
DA:61,1
DA:62,1
DA:63,0
DA:67,1
DA:73,1
DA:75,0
DA:76,0
DA:80,1
LF:34
LH:25
BRDA:18,0,0,0
BRDA:18,0,1,3
BRDA:18,1,0,3
BRDA:18,1,1,3
BRDA:18,1,2,3
BRDA:24,2,0,0
BRDA:24,2,1,3
BRDA:50,3,0,0
BRDA:50,3,1,1
BRDA:50,4,0,1
BRDA:50,4,1,1
BRDA:56,5,0,0
BRDA:56,5,1,1
BRDA:62,6,0,0
BRDA:62,6,1,1
BRF:15
BRH:10
end_of_record
TN:
SF:backend\routes\clients.js
FNF:0
FNH:0
DA:5,1
DA:6,1
DA:7,1
DA:10,1
DA:13,1
DA:16,1
DA:18,1
LF:7
LH:7
BRF:0
BRH:0
end_of_record
TN:
SF:backend\routes\companies.js
FNF:0
FNH:0
DA:6,1
DA:7,1
DA:8,1
DA:11,1
DA:14,1
DA:17,1
DA:20,1
DA:22,1
LF:8
LH:8
BRF:0
BRH:0
end_of_record
TN:
SF:backend\routes\index.js
FNF:0
FNH:0
DA:5,1
DA:6,1
DA:8,1
DA:9,1
DA:10,1
DA:11,1
DA:12,1
DA:13,1
DA:14,1
DA:15,1
DA:16,1
DA:17,1
DA:19,1
DA:20,1
DA:21,1
DA:22,1
DA:23,1
DA:24,1
DA:25,1
DA:26,1
DA:27,1
DA:28,1
DA:30,1
LF:23
LH:23
BRF:0
BRH:0
end_of_record
TN:
SF:backend\routes\notifications.js
FNF:0
FNH:0
DA:5,1
DA:6,1
DA:7,1
DA:10,1
DA:13,1
DA:16,1
DA:19,1
DA:21,1
LF:8
LH:8
BRF:0
BRH:0
end_of_record
TN:
SF:backend\routes\payments.js
FNF:0
FNH:0
DA:5,1
DA:6,1
DA:7,1
DA:10,1
DA:13,1
DA:15,1
LF:6
LH:6
BRF:0
BRH:0
end_of_record
TN:
SF:backend\routes\points.js
FNF:0
FNH:0
DA:5,1
DA:6,1
DA:7,1
DA:10,1
DA:13,1
DA:16,1
DA:18,1
LF:7
LH:7
BRF:0
BRH:0
end_of_record
TN:
SF:backend\routes\qrCodes.js
FNF:0
FNH:0
DA:5,1
DA:6,1
DA:7,1
DA:10,1
DA:13,1
DA:15,1
LF:6
LH:6
BRF:0
BRH:0
end_of_record
TN:
SF:backend\routes\reviews.js
FNF:0
FNH:0
DA:5,1
DA:6,1
DA:7,1
DA:10,1
DA:13,1
DA:15,1
LF:6
LH:6
BRF:0
BRH:0
end_of_record
TN:
SF:backend\routes\tempPayments.js
FN:6,(anonymous_0)
FNF:1
FNH:0
FNDA:0,(anonymous_0)
DA:1,1
DA:2,1
DA:3,1
DA:6,1
DA:7,0
DA:8,0
DA:9,0
DA:13,0
DA:15,0
DA:19,1
LF:10
LH:5
BRF:0
BRH:0
end_of_record
TN:
SF:backend\services\qrCodeService.js
FN:7,(anonymous_0)
FN:16,(anonymous_1)
FNF:2
FNH:2
FNDA:1,(anonymous_0)
FNDA:1,(anonymous_1)
DA:5,1
DA:7,1
DA:8,1
DA:9,1
DA:10,1
DA:12,0
DA:16,1
DA:17,1
DA:18,1
DA:20,0
DA:22,1
DA:26,1
LF:12
LH:10
BRF:0
BRH:0
end_of_record
